---------------------------------------------------------------
[ 2017-11-02T09:33:37+08:00 ] 127.0.0.1 127.0.0.1 GET /code/11/1/239830645@qq.com/0
[ info ] api.myblog.com/code/11/1/239830645@qq.com/0 [运行时间：4.207142s][吞吐率：0.24req/s] [内存消耗：2,395.75kb] [文件加载：50]
[ info ] [ LANG ] E:\project\workspace\thinkphp5\thinkphp\lang\zh-cn.php
[ info ] [ BIND ] 'api'
[ info ] [ ROUTE ] array (
  'type' => 'module',
  'module' => 
  array (
    0 => NULL,
    1 => 'code',
    2 => 'get_code',
  ),
  'convert' => false,
)
[ info ] [ HEADER ] array (
  'host' => 'api.myblog.com',
  'connection' => 'keep-alive',
  'cache-control' => 'no-cache',
  'user-agent' => 'Mozilla/5.0 (Windows NT 10.0; Win64; x64) AppleWebKit/537.36 (KHTML, like Gecko) Chrome/60.0.3112.101 Safari/537.36',
  'postman-token' => 'fb7f6aac-e443-64d3-bf26-ab794b89216f',
  'accept' => '*/*',
  'accept-encoding' => 'gzip, deflate',
  'accept-language' => 'zh-CN,zh;q=0.8',
)
[ info ] [ PARAM ] array (
  'time' => '11',
  'token' => '1',
  'username' => '239830645@qq.com',
  'is_exist' => '0',
)
[ info ] [ RUN ] app\api\controller\Code->get_code[ E:\project\workspace\thinkphp5\application\api\controller\Code.php ]
[ info ] [ DB ] INIT mysql
[ info ] [ LOG ] INIT File
[ sql ] [ DB ] CONNECT:[ UseTime:0.291961s ] mysql:dbname=thinkphp5;host=127.0.0.1;charset=utf8
[ sql ] [ SQL ] SHOW COLUMNS FROM `vip` [ RunTime:0.417612s ]
[ sql ] [ SQL ] SELECT * FROM `vip` WHERE  `phone` = '239830645@qq.com' LIMIT 1 [ RunTime:0.023432s ]
[ sql ] [ SQL ] SELECT * FROM `vip` WHERE  `email` = '239830645@qq.com' LIMIT 1 [ RunTime:0.000955s ]
---------------------------------------------------------------
[ 2017-11-02T09:34:10+08:00 ] 127.0.0.1 127.0.0.1 GET /code/11/1/239830645@qq.com/0
[ info ] api.myblog.com/code/11/1/239830645@qq.com/0 [运行时间：1.913241s][吞吐率：0.52req/s] [内存消耗：3,086.69kb] [文件加载：53]
[ info ] [ LANG ] E:\project\workspace\thinkphp5\thinkphp\lang\zh-cn.php
[ info ] [ BIND ] 'api'
[ info ] [ ROUTE ] array (
  'type' => 'module',
  'module' => 
  array (
    0 => NULL,
    1 => 'code',
    2 => 'get_code',
  ),
  'convert' => false,
)
[ info ] [ HEADER ] array (
  'host' => 'api.myblog.com',
  'connection' => 'keep-alive',
  'cache-control' => 'no-cache',
  'user-agent' => 'Mozilla/5.0 (Windows NT 10.0; Win64; x64) AppleWebKit/537.36 (KHTML, like Gecko) Chrome/60.0.3112.101 Safari/537.36',
  'postman-token' => 'f51c70f9-105e-a3ad-bb6d-42bdd9433b9b',
  'accept' => '*/*',
  'accept-encoding' => 'gzip, deflate',
  'accept-language' => 'zh-CN,zh;q=0.8',
)
[ info ] [ PARAM ] array (
  'time' => '11',
  'token' => '1',
  'username' => '239830645@qq.com',
  'is_exist' => '0',
)
[ info ] [ RUN ] app\api\controller\Code->get_code[ E:\project\workspace\thinkphp5\application\api\controller\Code.php ]
[ info ] [ DB ] INIT mysql
[ info ] [ SESSION ] INIT array (
  'id' => '',
  'var_session_id' => '',
  'prefix' => 'think',
  'type' => '',
  'auto_start' => true,
)
[ info ] [ LOG ] INIT File
[ sql ] [ DB ] CONNECT:[ UseTime:0.001794s ] mysql:dbname=thinkphp5;host=127.0.0.1;charset=utf8
[ sql ] [ SQL ] SHOW COLUMNS FROM `vip` [ RunTime:0.018177s ]
[ sql ] [ SQL ] SELECT * FROM `vip` WHERE  `phone` = '239830645@qq.com' LIMIT 1 [ RunTime:0.000499s ]
[ sql ] [ SQL ] SELECT * FROM `vip` WHERE  `email` = '239830645@qq.com' LIMIT 1 [ RunTime:0.000362s ]
---------------------------------------------------------------
[ 2017-11-02T09:37:13+08:00 ] 127.0.0.1 127.0.0.1 POST /user/register
[ info ] api.myblog.com/user/register [运行时间：0.174413s][吞吐率：5.73req/s] [内存消耗：2,435.39kb] [文件加载：51]
[ info ] [ LANG ] E:\project\workspace\thinkphp5\thinkphp\lang\zh-cn.php
[ info ] [ BIND ] 'api'
[ info ] [ ROUTE ] array (
  'type' => 'module',
  'module' => 
  array (
    0 => NULL,
    1 => 'user',
    2 => 'register',
  ),
  'convert' => false,
)
[ info ] [ HEADER ] array (
  'host' => 'api.myblog.com',
  'connection' => 'keep-alive',
  'content-length' => '379',
  'origin' => 'chrome-extension://fhbjgbiflinjbdggehcddcbncdddomop',
  'time' => '1',
  'user-agent' => 'Mozilla/5.0 (Windows NT 10.0; Win64; x64) AppleWebKit/537.36 (KHTML, like Gecko) Chrome/60.0.3112.101 Safari/537.36',
  'is_exist' => '0',
  'content-type' => 'multipart/form-data; boundary=----WebKitFormBoundaryA5cvvW6O9NkX6E4U',
  'cache-control' => 'no-cache',
  'postman-token' => '9bfb44e8-384b-a5d5-6dff-78966bce05d6',
  'token' => '1',
  'phone' => '13739499187',
  'accept' => '*/*',
  'accept-encoding' => 'gzip, deflate',
  'accept-language' => 'zh-CN,zh;q=0.8',
  'cookie' => 'PHPSESSID=r45h6719mp22vdeo50tkvthve4',
)
[ info ] [ PARAM ] array (
  'username' => '239830645@qq.com',
  'password' => 'e6c5ce538f971e3df563003fac6e45e0',
  'code' => '164736',
)
[ info ] [ RUN ] app\api\controller\User->register[ E:\project\workspace\thinkphp5\application\api\controller\User.php ]
[ info ] [ SESSION ] INIT array (
  'id' => '',
  'var_session_id' => '',
  'prefix' => 'think',
  'type' => '',
  'auto_start' => true,
)
[ info ] [ DB ] INIT mysql
[ info ] [ LOG ] INIT File
[ sql ] [ DB ] CONNECT:[ UseTime:0.001509s ] mysql:dbname=thinkphp5;host=127.0.0.1;charset=utf8
[ sql ] [ SQL ] SHOW COLUMNS FROM `vip` [ RunTime:0.014167s ]
[ sql ] [ SQL ] SELECT * FROM `vip` WHERE  `phone` = '239830645@qq.com' LIMIT 1 [ RunTime:0.000650s ]
[ sql ] [ SQL ] SELECT * FROM `vip` WHERE  `email` = '239830645@qq.com' LIMIT 1 [ RunTime:0.000578s ]
[ sql ] [ SQL ] INSERT INTO `vip` (`password` , `email` , `create_time`) VALUES ('e6c5ce538f971e3df563003fac6e45e0' , '239830645@qq.com' , 1509586632) [ RunTime:0.043273s ]
---------------------------------------------------------------
[ 2017-11-02T09:37:56+08:00 ] 127.0.0.1 127.0.0.1 POST /user/register
[ info ] api.myblog.com/user/register [运行时间：0.061358s][吞吐率：16.30req/s] [内存消耗：2,435.19kb] [文件加载：51]
[ info ] [ LANG ] E:\project\workspace\thinkphp5\thinkphp\lang\zh-cn.php
[ info ] [ BIND ] 'api'
[ info ] [ ROUTE ] array (
  'type' => 'module',
  'module' => 
  array (
    0 => NULL,
    1 => 'user',
    2 => 'register',
  ),
  'convert' => false,
)
[ info ] [ HEADER ] array (
  'host' => 'api.myblog.com',
  'connection' => 'keep-alive',
  'content-length' => '379',
  'origin' => 'chrome-extension://fhbjgbiflinjbdggehcddcbncdddomop',
  'time' => '1',
  'user-agent' => 'Mozilla/5.0 (Windows NT 10.0; Win64; x64) AppleWebKit/537.36 (KHTML, like Gecko) Chrome/60.0.3112.101 Safari/537.36',
  'is_exist' => '0',
  'content-type' => 'multipart/form-data; boundary=----WebKitFormBoundaryMjHG7eWz6mWEKBmZ',
  'cache-control' => 'no-cache',
  'postman-token' => '5ce935ed-2a2f-df32-299c-cb214872896a',
  'token' => '1',
  'phone' => '13739499187',
  'accept' => '*/*',
  'accept-encoding' => 'gzip, deflate',
  'accept-language' => 'zh-CN,zh;q=0.8',
  'cookie' => 'PHPSESSID=r45h6719mp22vdeo50tkvthve4',
)
[ info ] [ PARAM ] array (
  'username' => '239830645@qq.com',
  'password' => 'e6c5ce538f971e3df563003fac6e45e0',
  'code' => '164736',
)
[ info ] [ RUN ] app\api\controller\User->register[ E:\project\workspace\thinkphp5\application\api\controller\User.php ]
[ info ] [ SESSION ] INIT array (
  'id' => '',
  'var_session_id' => '',
  'prefix' => 'think',
  'type' => '',
  'auto_start' => true,
)
[ info ] [ DB ] INIT mysql
[ info ] [ LOG ] INIT File
[ sql ] [ DB ] CONNECT:[ UseTime:0.000628s ] mysql:dbname=thinkphp5;host=127.0.0.1;charset=utf8
[ sql ] [ SQL ] SHOW COLUMNS FROM `vip` [ RunTime:0.008447s ]
[ sql ] [ SQL ] SELECT * FROM `vip` WHERE  `phone` = '239830645@qq.com' LIMIT 1 [ RunTime:0.002036s ]
[ sql ] [ SQL ] SELECT * FROM `vip` WHERE  `email` = '239830645@qq.com' LIMIT 1 [ RunTime:0.000435s ]
[ sql ] [ SQL ] INSERT INTO `vip` (`password` , `email` , `create_time`) VALUES ('e6c5ce538f971e3df563003fac6e45e0' , '239830645@qq.com' , 1509586676) [ RunTime:0.000337s ]
---------------------------------------------------------------
[ 2017-11-02T09:37:57+08:00 ] 127.0.0.1 127.0.0.1 GET /index.php
[ info ] api.myblog.com/index.php [运行时间：0.308179s][吞吐率：3.24req/s] [内存消耗：1,529.30kb] [文件加载：45]
[ info ] [ LANG ] E:\project\workspace\thinkphp5\thinkphp\lang\zh-cn.php
[ info ] [ BIND ] 'api'
[ info ] [ ROUTE ] array (
  'type' => 'module',
  'module' => 
  array (
    0 => 'api',
    1 => NULL,
    2 => NULL,
  ),
)
[ info ] [ HEADER ] array (
  'host' => 'api.myblog.com',
  'accept-encoding' => 'compress,gzip',
  'connection' => 'Close',
)
[ info ] [ PARAM ] array (
)
[ info ] [ LOG ] INIT File
---------------------------------------------------------------
[ 2017-11-02T09:40:38+08:00 ] 127.0.0.1 127.0.0.1 POST /user/register
[ info ] api.myblog.com/user/register [运行时间：0.144693s][吞吐率：6.91req/s] [内存消耗：2,437.98kb] [文件加载：51]
[ info ] [ LANG ] E:\project\workspace\thinkphp5\thinkphp\lang\zh-cn.php
[ info ] [ BIND ] 'api'
[ info ] [ ROUTE ] array (
  'type' => 'module',
  'module' => 
  array (
    0 => NULL,
    1 => 'user',
    2 => 'register',
  ),
  'convert' => false,
)
[ info ] [ HEADER ] array (
  'host' => 'api.myblog.com',
  'connection' => 'keep-alive',
  'content-length' => '379',
  'origin' => 'chrome-extension://fhbjgbiflinjbdggehcddcbncdddomop',
  'time' => '1',
  'user-agent' => 'Mozilla/5.0 (Windows NT 10.0; Win64; x64) AppleWebKit/537.36 (KHTML, like Gecko) Chrome/60.0.3112.101 Safari/537.36',
  'is_exist' => '0',
  'content-type' => 'multipart/form-data; boundary=----WebKitFormBoundaryNNzckuBAL0p5vjnN',
  'cache-control' => 'no-cache',
  'postman-token' => '18e2da63-7875-44fa-959b-e7d04fbfb90b',
  'token' => '1',
  'phone' => '13739499187',
  'accept' => '*/*',
  'accept-encoding' => 'gzip, deflate',
  'accept-language' => 'zh-CN,zh;q=0.8',
  'cookie' => 'PHPSESSID=r45h6719mp22vdeo50tkvthve4',
)
[ info ] [ PARAM ] array (
  'username' => '239830645@qq.com',
  'password' => 'e6c5ce538f971e3df563003fac6e45e0',
  'code' => '164736',
)
[ info ] [ RUN ] app\api\controller\User->register[ E:\project\workspace\thinkphp5\application\api\controller\User.php ]
[ info ] [ SESSION ] INIT array (
  'id' => '',
  'var_session_id' => '',
  'prefix' => 'think',
  'type' => '',
  'auto_start' => true,
)
[ info ] [ DB ] INIT mysql
[ info ] [ LOG ] INIT File
[ sql ] [ DB ] CONNECT:[ UseTime:0.000781s ] mysql:dbname=thinkphp5;host=127.0.0.1;charset=utf8
[ sql ] [ SQL ] SHOW COLUMNS FROM `vip` [ RunTime:0.093744s ]
[ sql ] [ SQL ] SELECT * FROM `vip` WHERE  `phone` = '239830645@qq.com' LIMIT 1 [ RunTime:0.001064s ]
[ sql ] [ SQL ] SELECT * FROM `vip` WHERE  `email` = '239830645@qq.com' LIMIT 1 [ RunTime:0.000904s ]
---------------------------------------------------------------
[ 2017-11-02T09:40:48+08:00 ] 127.0.0.1 127.0.0.1 GET /code/11/1/239830645@qq.com/0
[ info ] api.myblog.com/code/11/1/239830645@qq.com/0 [运行时间：0.078973s][吞吐率：12.66req/s] [内存消耗：2,396.57kb] [文件加载：50]
[ info ] [ LANG ] E:\project\workspace\thinkphp5\thinkphp\lang\zh-cn.php
[ info ] [ BIND ] 'api'
[ info ] [ ROUTE ] array (
  'type' => 'module',
  'module' => 
  array (
    0 => NULL,
    1 => 'code',
    2 => 'get_code',
  ),
  'convert' => false,
)
[ info ] [ HEADER ] array (
  'host' => 'api.myblog.com',
  'connection' => 'keep-alive',
  'cache-control' => 'no-cache',
  'user-agent' => 'Mozilla/5.0 (Windows NT 10.0; Win64; x64) AppleWebKit/537.36 (KHTML, like Gecko) Chrome/60.0.3112.101 Safari/537.36',
  'postman-token' => '5f08fd27-92b8-6796-d0d2-0b297cce8917',
  'accept' => '*/*',
  'accept-encoding' => 'gzip, deflate',
  'accept-language' => 'zh-CN,zh;q=0.8',
  'cookie' => 'PHPSESSID=r45h6719mp22vdeo50tkvthve4',
)
[ info ] [ PARAM ] array (
  'time' => '11',
  'token' => '1',
  'username' => '239830645@qq.com',
  'is_exist' => '0',
)
[ info ] [ RUN ] app\api\controller\Code->get_code[ E:\project\workspace\thinkphp5\application\api\controller\Code.php ]
[ info ] [ DB ] INIT mysql
[ info ] [ LOG ] INIT File
[ sql ] [ DB ] CONNECT:[ UseTime:0.001002s ] mysql:dbname=thinkphp5;host=127.0.0.1;charset=utf8
[ sql ] [ SQL ] SHOW COLUMNS FROM `vip` [ RunTime:0.028473s ]
[ sql ] [ SQL ] SELECT * FROM `vip` WHERE  `phone` = '239830645@qq.com' LIMIT 1 [ RunTime:0.000457s ]
[ sql ] [ SQL ] SELECT * FROM `vip` WHERE  `email` = '239830645@qq.com' LIMIT 1 [ RunTime:0.000347s ]
---------------------------------------------------------------
[ 2017-11-02T09:41:25+08:00 ] 127.0.0.1 127.0.0.1 GET /code/11/1/239830645@qq.com/0
[ info ] api.myblog.com/code/11/1/239830645@qq.com/0 [运行时间：0.065692s][吞吐率：15.22req/s] [内存消耗：2,396.62kb] [文件加载：50]
[ info ] [ LANG ] E:\project\workspace\thinkphp5\thinkphp\lang\zh-cn.php
[ info ] [ BIND ] 'api'
[ info ] [ ROUTE ] array (
  'type' => 'module',
  'module' => 
  array (
    0 => NULL,
    1 => 'code',
    2 => 'get_code',
  ),
  'convert' => false,
)
[ info ] [ HEADER ] array (
  'host' => 'api.myblog.com',
  'connection' => 'keep-alive',
  'cache-control' => 'no-cache',
  'user-agent' => 'Mozilla/5.0 (Windows NT 10.0; Win64; x64) AppleWebKit/537.36 (KHTML, like Gecko) Chrome/60.0.3112.101 Safari/537.36',
  'postman-token' => '2f299f48-ea83-669f-c9e2-470b76048121',
  'accept' => '*/*',
  'accept-encoding' => 'gzip, deflate',
  'accept-language' => 'zh-CN,zh;q=0.8',
  'cookie' => 'PHPSESSID=r45h6719mp22vdeo50tkvthve4',
)
[ info ] [ PARAM ] array (
  'time' => '11',
  'token' => '1',
  'username' => '239830645@qq.com',
  'is_exist' => '0',
)
[ info ] [ RUN ] app\api\controller\Code->get_code[ E:\project\workspace\thinkphp5\application\api\controller\Code.php ]
[ info ] [ DB ] INIT mysql
[ info ] [ LOG ] INIT File
[ sql ] [ DB ] CONNECT:[ UseTime:0.001234s ] mysql:dbname=thinkphp5;host=127.0.0.1;charset=utf8
[ sql ] [ SQL ] SHOW COLUMNS FROM `vip` [ RunTime:0.015491s ]
[ sql ] [ SQL ] SELECT * FROM `vip` WHERE  `phone` = '239830645@qq.com' LIMIT 1 [ RunTime:0.000566s ]
[ sql ] [ SQL ] SELECT * FROM `vip` WHERE  `email` = '239830645@qq.com' LIMIT 1 [ RunTime:0.000413s ]
---------------------------------------------------------------
[ 2017-11-02T09:41:37+08:00 ] 127.0.0.1 127.0.0.1 GET /code/11/1/239830645@qq.com/0
[ info ] api.myblog.com/code/11/1/239830645@qq.com/0 [运行时间：0.120011s][吞吐率：8.33req/s] [内存消耗：2,445.55kb] [文件加载：51]
[ info ] [ LANG ] E:\project\workspace\thinkphp5\thinkphp\lang\zh-cn.php
[ info ] [ BIND ] 'api'
[ info ] [ ROUTE ] array (
  'type' => 'module',
  'module' => 
  array (
    0 => NULL,
    1 => 'code',
    2 => 'get_code',
  ),
  'convert' => false,
)
[ info ] [ HEADER ] array (
  'host' => 'api.myblog.com',
  'connection' => 'keep-alive',
  'cache-control' => 'no-cache',
  'user-agent' => 'Mozilla/5.0 (Windows NT 10.0; Win64; x64) AppleWebKit/537.36 (KHTML, like Gecko) Chrome/60.0.3112.101 Safari/537.36',
  'postman-token' => 'c4357dfe-6a39-ca26-1fee-0d5783999fa2',
  'accept' => '*/*',
  'accept-encoding' => 'gzip, deflate',
  'accept-language' => 'zh-CN,zh;q=0.8',
  'cookie' => 'PHPSESSID=r45h6719mp22vdeo50tkvthve4',
)
[ info ] [ PARAM ] array (
  'time' => '11',
  'token' => '1',
  'username' => '239830645@qq.com',
  'is_exist' => '0',
)
[ info ] [ RUN ] app\api\controller\Code->get_code[ E:\project\workspace\thinkphp5\application\api\controller\Code.php ]
[ info ] [ DB ] INIT mysql
[ info ] [ SESSION ] INIT array (
  'id' => '',
  'var_session_id' => '',
  'prefix' => 'think',
  'type' => '',
  'auto_start' => true,
)
[ info ] [ LOG ] INIT File
[ sql ] [ DB ] CONNECT:[ UseTime:0.000687s ] mysql:dbname=thinkphp5;host=127.0.0.1;charset=utf8
[ sql ] [ SQL ] SHOW COLUMNS FROM `vip` [ RunTime:0.011914s ]
[ sql ] [ SQL ] SELECT * FROM `vip` WHERE  `phone` = '239830645@qq.com' LIMIT 1 [ RunTime:0.000473s ]
[ sql ] [ SQL ] SELECT * FROM `vip` WHERE  `email` = '239830645@qq.com' LIMIT 1 [ RunTime:0.000332s ]
---------------------------------------------------------------
[ 2017-11-02T09:41:51+08:00 ] 127.0.0.1 127.0.0.1 GET /code/11/1/239830645@qq.com/0
[ info ] api.myblog.com/code/11/1/239830645@qq.com/0 [运行时间：0.147527s][吞吐率：6.78req/s] [内存消耗：2,445.20kb] [文件加载：51]
[ info ] [ LANG ] E:\project\workspace\thinkphp5\thinkphp\lang\zh-cn.php
[ info ] [ BIND ] 'api'
[ info ] [ ROUTE ] array (
  'type' => 'module',
  'module' => 
  array (
    0 => NULL,
    1 => 'code',
    2 => 'get_code',
  ),
  'convert' => false,
)
[ info ] [ HEADER ] array (
  'host' => 'api.myblog.com',
  'connection' => 'keep-alive',
  'cache-control' => 'no-cache',
  'user-agent' => 'Mozilla/5.0 (Windows NT 10.0; Win64; x64) AppleWebKit/537.36 (KHTML, like Gecko) Chrome/60.0.3112.101 Safari/537.36',
  'postman-token' => 'a288e18c-136e-a7a4-faa7-da13cbbca7b7',
  'accept' => '*/*',
  'accept-encoding' => 'gzip, deflate',
  'accept-language' => 'zh-CN,zh;q=0.8',
  'cookie' => 'PHPSESSID=r45h6719mp22vdeo50tkvthve4',
)
[ info ] [ PARAM ] array (
  'time' => '11',
  'token' => '1',
  'username' => '239830645@qq.com',
  'is_exist' => '0',
)
[ info ] [ RUN ] app\api\controller\Code->get_code[ E:\project\workspace\thinkphp5\application\api\controller\Code.php ]
[ info ] [ DB ] INIT mysql
[ info ] [ SESSION ] INIT array (
  'id' => '',
  'var_session_id' => '',
  'prefix' => 'think',
  'type' => '',
  'auto_start' => true,
)
[ info ] [ LOG ] INIT File
[ sql ] [ DB ] CONNECT:[ UseTime:0.000918s ] mysql:dbname=thinkphp5;host=127.0.0.1;charset=utf8
[ sql ] [ SQL ] SHOW COLUMNS FROM `vip` [ RunTime:0.094554s ]
[ sql ] [ SQL ] SELECT * FROM `vip` WHERE  `phone` = '239830645@qq.com' LIMIT 1 [ RunTime:0.000375s ]
[ sql ] [ SQL ] SELECT * FROM `vip` WHERE  `email` = '239830645@qq.com' LIMIT 1 [ RunTime:0.000310s ]
---------------------------------------------------------------
[ 2017-11-02T09:42:29+08:00 ] 127.0.0.1 127.0.0.1 GET /code/11/1/239830645@qq.com/0
[ info ] api.myblog.com/code/11/1/239830645@qq.com/0 [运行时间：0.074793s][吞吐率：13.37req/s] [内存消耗：2,444.98kb] [文件加载：51]
[ info ] [ LANG ] E:\project\workspace\thinkphp5\thinkphp\lang\zh-cn.php
[ info ] [ BIND ] 'api'
[ info ] [ ROUTE ] array (
  'type' => 'module',
  'module' => 
  array (
    0 => NULL,
    1 => 'code',
    2 => 'get_code',
  ),
  'convert' => false,
)
[ info ] [ HEADER ] array (
  'host' => 'api.myblog.com',
  'connection' => 'keep-alive',
  'cache-control' => 'no-cache',
  'user-agent' => 'Mozilla/5.0 (Windows NT 10.0; Win64; x64) AppleWebKit/537.36 (KHTML, like Gecko) Chrome/60.0.3112.101 Safari/537.36',
  'postman-token' => '64262ca1-98f7-fd59-ad99-0650e18f5bc9',
  'accept' => '*/*',
  'accept-encoding' => 'gzip, deflate',
  'accept-language' => 'zh-CN,zh;q=0.8',
  'cookie' => 'PHPSESSID=r45h6719mp22vdeo50tkvthve4',
)
[ info ] [ PARAM ] array (
  'time' => '11',
  'token' => '1',
  'username' => '239830645@qq.com',
  'is_exist' => '0',
)
[ info ] [ RUN ] app\api\controller\Code->get_code[ E:\project\workspace\thinkphp5\application\api\controller\Code.php ]
[ info ] [ DB ] INIT mysql
[ info ] [ SESSION ] INIT array (
  'id' => '',
  'var_session_id' => '',
  'prefix' => 'think',
  'type' => '',
  'auto_start' => true,
)
[ info ] [ LOG ] INIT File
[ sql ] [ DB ] CONNECT:[ UseTime:0.001966s ] mysql:dbname=thinkphp5;host=127.0.0.1;charset=utf8
[ sql ] [ SQL ] SHOW COLUMNS FROM `vip` [ RunTime:0.021370s ]
[ sql ] [ SQL ] SELECT * FROM `vip` WHERE  `phone` = '239830645@qq.com' LIMIT 1 [ RunTime:0.000432s ]
[ sql ] [ SQL ] SELECT * FROM `vip` WHERE  `email` = '239830645@qq.com' LIMIT 1 [ RunTime:0.000472s ]
---------------------------------------------------------------
[ 2017-11-02T09:43:09+08:00 ] 127.0.0.1 127.0.0.1 GET /code/11/1/239830645@qq.com/0
[ info ] api.myblog.com/code/11/1/239830645@qq.com/0 [运行时间：1.114769s][吞吐率：0.90req/s] [内存消耗：3,087.49kb] [文件加载：53]
[ info ] [ LANG ] E:\project\workspace\thinkphp5\thinkphp\lang\zh-cn.php
[ info ] [ BIND ] 'api'
[ info ] [ ROUTE ] array (
  'type' => 'module',
  'module' => 
  array (
    0 => NULL,
    1 => 'code',
    2 => 'get_code',
  ),
  'convert' => false,
)
[ info ] [ HEADER ] array (
  'host' => 'api.myblog.com',
  'connection' => 'keep-alive',
  'cache-control' => 'no-cache',
  'user-agent' => 'Mozilla/5.0 (Windows NT 10.0; Win64; x64) AppleWebKit/537.36 (KHTML, like Gecko) Chrome/60.0.3112.101 Safari/537.36',
  'postman-token' => 'a417b50b-9a41-02fd-c0c5-94684ef725c8',
  'accept' => '*/*',
  'accept-encoding' => 'gzip, deflate',
  'accept-language' => 'zh-CN,zh;q=0.8',
  'cookie' => 'PHPSESSID=r45h6719mp22vdeo50tkvthve4',
)
[ info ] [ PARAM ] array (
  'time' => '11',
  'token' => '1',
  'username' => '239830645@qq.com',
  'is_exist' => '0',
)
[ info ] [ RUN ] app\api\controller\Code->get_code[ E:\project\workspace\thinkphp5\application\api\controller\Code.php ]
[ info ] [ DB ] INIT mysql
[ info ] [ SESSION ] INIT array (
  'id' => '',
  'var_session_id' => '',
  'prefix' => 'think',
  'type' => '',
  'auto_start' => true,
)
[ info ] [ LOG ] INIT File
[ sql ] [ DB ] CONNECT:[ UseTime:0.000876s ] mysql:dbname=thinkphp5;host=127.0.0.1;charset=utf8
[ sql ] [ SQL ] SHOW COLUMNS FROM `vip` [ RunTime:0.010671s ]
[ sql ] [ SQL ] SELECT * FROM `vip` WHERE  `phone` = '239830645@qq.com' LIMIT 1 [ RunTime:0.000581s ]
[ sql ] [ SQL ] SELECT * FROM `vip` WHERE  `email` = '239830645@qq.com' LIMIT 1 [ RunTime:0.000466s ]
---------------------------------------------------------------
[ 2017-11-02T09:43:22+08:00 ] 127.0.0.1 127.0.0.1 POST /user/register
[ info ] api.myblog.com/user/register [运行时间：0.034708s][吞吐率：28.81req/s] [内存消耗：1,695.68kb] [文件加载：44]
[ info ] [ LANG ] E:\project\workspace\thinkphp5\thinkphp\lang\zh-cn.php
[ info ] [ BIND ] 'api'
[ info ] [ ROUTE ] array (
  'type' => 'module',
  'module' => 
  array (
    0 => NULL,
    1 => 'user',
    2 => 'register',
  ),
  'convert' => false,
)
[ info ] [ HEADER ] array (
  'host' => 'api.myblog.com',
  'connection' => 'keep-alive',
  'content-length' => '379',
  'origin' => 'chrome-extension://fhbjgbiflinjbdggehcddcbncdddomop',
  'time' => '1',
  'user-agent' => 'Mozilla/5.0 (Windows NT 10.0; Win64; x64) AppleWebKit/537.36 (KHTML, like Gecko) Chrome/60.0.3112.101 Safari/537.36',
  'is_exist' => '0',
  'content-type' => 'multipart/form-data; boundary=----WebKitFormBoundarygAlXt9eAajOLA2h7',
  'cache-control' => 'no-cache',
  'postman-token' => 'eb4fc500-f057-48c7-4ee9-85b5b46b31ff',
  'token' => '1',
  'phone' => '13739499187',
  'accept' => '*/*',
  'accept-encoding' => 'gzip, deflate',
  'accept-language' => 'zh-CN,zh;q=0.8',
  'cookie' => 'PHPSESSID=r45h6719mp22vdeo50tkvthve4',
)
[ info ] [ PARAM ] array (
  'username' => '239830645@qq.com',
  'password' => 'e6c5ce538f971e3df563003fac6e45e0',
  'code' => '164736',
)
[ info ] [ RUN ] app\api\controller\User->register[ E:\project\workspace\thinkphp5\application\api\controller\User.php ]
[ info ] [ SESSION ] INIT array (
  'id' => '',
  'var_session_id' => '',
  'prefix' => 'think',
  'type' => '',
  'auto_start' => true,
)
[ info ] [ LOG ] INIT File
---------------------------------------------------------------
[ 2017-11-02T09:43:34+08:00 ] 127.0.0.1 127.0.0.1 POST /user/register
[ info ] api.myblog.com/user/register [运行时间：0.100552s][吞吐率：9.95req/s] [内存消耗：2,435.39kb] [文件加载：51]
[ info ] [ LANG ] E:\project\workspace\thinkphp5\thinkphp\lang\zh-cn.php
[ info ] [ BIND ] 'api'
[ info ] [ ROUTE ] array (
  'type' => 'module',
  'module' => 
  array (
    0 => NULL,
    1 => 'user',
    2 => 'register',
  ),
  'convert' => false,
)
[ info ] [ HEADER ] array (
  'host' => 'api.myblog.com',
  'connection' => 'keep-alive',
  'content-length' => '379',
  'origin' => 'chrome-extension://fhbjgbiflinjbdggehcddcbncdddomop',
  'time' => '1',
  'user-agent' => 'Mozilla/5.0 (Windows NT 10.0; Win64; x64) AppleWebKit/537.36 (KHTML, like Gecko) Chrome/60.0.3112.101 Safari/537.36',
  'is_exist' => '0',
  'content-type' => 'multipart/form-data; boundary=----WebKitFormBoundarykbaARAvA9sTE6FmD',
  'cache-control' => 'no-cache',
  'postman-token' => 'a968140b-9a03-fc6e-d79b-ef1dba710505',
  'token' => '1',
  'phone' => '13739499187',
  'accept' => '*/*',
  'accept-encoding' => 'gzip, deflate',
  'accept-language' => 'zh-CN,zh;q=0.8',
  'cookie' => 'PHPSESSID=r45h6719mp22vdeo50tkvthve4',
)
[ info ] [ PARAM ] array (
  'username' => '239830645@qq.com',
  'password' => 'e6c5ce538f971e3df563003fac6e45e0',
  'code' => '257104',
)
[ info ] [ RUN ] app\api\controller\User->register[ E:\project\workspace\thinkphp5\application\api\controller\User.php ]
[ info ] [ SESSION ] INIT array (
  'id' => '',
  'var_session_id' => '',
  'prefix' => 'think',
  'type' => '',
  'auto_start' => true,
)
[ info ] [ DB ] INIT mysql
[ info ] [ LOG ] INIT File
[ sql ] [ DB ] CONNECT:[ UseTime:0.000695s ] mysql:dbname=thinkphp5;host=127.0.0.1;charset=utf8
[ sql ] [ SQL ] SHOW COLUMNS FROM `vip` [ RunTime:0.055120s ]
[ sql ] [ SQL ] SELECT * FROM `vip` WHERE  `phone` = '239830645@qq.com' LIMIT 1 [ RunTime:0.000437s ]
[ sql ] [ SQL ] SELECT * FROM `vip` WHERE  `email` = '239830645@qq.com' LIMIT 1 [ RunTime:0.000355s ]
[ sql ] [ SQL ] INSERT INTO `vip` (`password` , `email` , `create_time`) VALUES ('e6c5ce538f971e3df563003fac6e45e0' , '239830645@qq.com' , 1509587014) [ RunTime:0.000297s ]
---------------------------------------------------------------
[ 2017-11-02T09:43:44+08:00 ] 127.0.0.1 127.0.0.1 POST /user/register
[ info ] api.myblog.com/user/register [运行时间：0.055232s][吞吐率：18.11req/s] [内存消耗：2,435.39kb] [文件加载：51]
[ info ] [ LANG ] E:\project\workspace\thinkphp5\thinkphp\lang\zh-cn.php
[ info ] [ BIND ] 'api'
[ info ] [ ROUTE ] array (
  'type' => 'module',
  'module' => 
  array (
    0 => NULL,
    1 => 'user',
    2 => 'register',
  ),
  'convert' => false,
)
[ info ] [ HEADER ] array (
  'host' => 'api.myblog.com',
  'connection' => 'keep-alive',
  'content-length' => '379',
  'origin' => 'chrome-extension://fhbjgbiflinjbdggehcddcbncdddomop',
  'time' => '1',
  'user-agent' => 'Mozilla/5.0 (Windows NT 10.0; Win64; x64) AppleWebKit/537.36 (KHTML, like Gecko) Chrome/60.0.3112.101 Safari/537.36',
  'is_exist' => '0',
  'content-type' => 'multipart/form-data; boundary=----WebKitFormBoundarycoCjpMW0WQZS1gvD',
  'cache-control' => 'no-cache',
  'postman-token' => '85ecace2-bec4-8913-fc89-f5b2b0a8ecae',
  'token' => '1',
  'phone' => '13739499187',
  'accept' => '*/*',
  'accept-encoding' => 'gzip, deflate',
  'accept-language' => 'zh-CN,zh;q=0.8',
  'cookie' => 'PHPSESSID=r45h6719mp22vdeo50tkvthve4',
)
[ info ] [ PARAM ] array (
  'username' => '239830645@qq.com',
  'password' => 'e6c5ce538f971e3df563003fac6e45e0',
  'code' => '257104',
)
[ info ] [ RUN ] app\api\controller\User->register[ E:\project\workspace\thinkphp5\application\api\controller\User.php ]
[ info ] [ SESSION ] INIT array (
  'id' => '',
  'var_session_id' => '',
  'prefix' => 'think',
  'type' => '',
  'auto_start' => true,
)
[ info ] [ DB ] INIT mysql
[ info ] [ LOG ] INIT File
[ sql ] [ DB ] CONNECT:[ UseTime:0.000650s ] mysql:dbname=thinkphp5;host=127.0.0.1;charset=utf8
[ sql ] [ SQL ] SHOW COLUMNS FROM `vip` [ RunTime:0.006423s ]
[ sql ] [ SQL ] SELECT * FROM `vip` WHERE  `phone` = '239830645@qq.com' LIMIT 1 [ RunTime:0.000403s ]
[ sql ] [ SQL ] SELECT * FROM `vip` WHERE  `email` = '239830645@qq.com' LIMIT 1 [ RunTime:0.000321s ]
[ sql ] [ SQL ] INSERT INTO `vip` (`password` , `email` , `create_time`) VALUES ('e6c5ce538f971e3df563003fac6e45e0' , '239830645@qq.com' , 1509587024) [ RunTime:0.000260s ]
---------------------------------------------------------------
[ 2017-11-02T09:46:17+08:00 ] 127.0.0.1 127.0.0.1 POST /user/register
[ info ] api.myblog.com/user/register [运行时间：0.035814s][吞吐率：27.92req/s] [内存消耗：1,726.91kb] [文件加载：45]
[ info ] [ LANG ] E:\project\workspace\thinkphp5\thinkphp\lang\zh-cn.php
[ info ] [ BIND ] 'api'
[ info ] [ ROUTE ] array (
  'type' => 'module',
  'module' => 
  array (
    0 => NULL,
    1 => 'user',
    2 => 'register',
  ),
  'convert' => false,
)
[ info ] [ HEADER ] array (
  'host' => 'api.myblog.com',
  'connection' => 'keep-alive',
  'content-length' => '379',
  'origin' => 'chrome-extension://fhbjgbiflinjbdggehcddcbncdddomop',
  'time' => '1',
  'user-agent' => 'Mozilla/5.0 (Windows NT 10.0; Win64; x64) AppleWebKit/537.36 (KHTML, like Gecko) Chrome/60.0.3112.101 Safari/537.36',
  'is_exist' => '0',
  'content-type' => 'multipart/form-data; boundary=----WebKitFormBoundaryc68BWke64AxY3lQn',
  'cache-control' => 'no-cache',
  'postman-token' => '60d65770-50fc-19eb-97c9-fe2540489e16',
  'token' => '1',
  'phone' => '13739499187',
  'accept' => '*/*',
  'accept-encoding' => 'gzip, deflate',
  'accept-language' => 'zh-CN,zh;q=0.8',
  'cookie' => 'PHPSESSID=r45h6719mp22vdeo50tkvthve4',
)
[ info ] [ PARAM ] array (
  'username' => '239830645@qq.com',
  'password' => 'e6c5ce538f971e3df563003fac6e45e0',
  'code' => '257104',
)
[ info ] [ RUN ] app\api\controller\User->register[ E:\project\workspace\thinkphp5\application\api\controller\User.php ]
[ info ] [ SESSION ] INIT array (
  'id' => '',
  'var_session_id' => '',
  'prefix' => 'think',
  'type' => '',
  'auto_start' => true,
)
[ info ] [ LOG ] INIT File
---------------------------------------------------------------
[ 2017-11-02T09:48:17+08:00 ] 127.0.0.1 127.0.0.1 POST /user/register
[ info ] api.myblog.com/user/register [运行时间：0.104683s][吞吐率：9.55req/s] [内存消耗：2,435.94kb] [文件加载：51]
[ info ] [ LANG ] E:\project\workspace\thinkphp5\thinkphp\lang\zh-cn.php
[ info ] [ BIND ] 'api'
[ info ] [ ROUTE ] array (
  'type' => 'module',
  'module' => 
  array (
    0 => NULL,
    1 => 'user',
    2 => 'register',
  ),
  'convert' => false,
)
[ info ] [ HEADER ] array (
  'host' => 'api.myblog.com',
  'connection' => 'keep-alive',
  'content-length' => '379',
  'origin' => 'chrome-extension://fhbjgbiflinjbdggehcddcbncdddomop',
  'time' => '1',
  'user-agent' => 'Mozilla/5.0 (Windows NT 10.0; Win64; x64) AppleWebKit/537.36 (KHTML, like Gecko) Chrome/60.0.3112.101 Safari/537.36',
  'is_exist' => '0',
  'content-type' => 'multipart/form-data; boundary=----WebKitFormBoundarydXZ0r7DNFEN6GdQz',
  'cache-control' => 'no-cache',
  'postman-token' => 'f5f069bd-3d7c-8a85-f31a-2a811241b893',
  'token' => '1',
  'phone' => '13739499187',
  'accept' => '*/*',
  'accept-encoding' => 'gzip, deflate',
  'accept-language' => 'zh-CN,zh;q=0.8',
  'cookie' => 'PHPSESSID=r45h6719mp22vdeo50tkvthve4',
)
[ info ] [ PARAM ] array (
  'username' => '239830645@qq.com',
  'password' => 'e6c5ce538f971e3df563003fac6e45e0',
  'code' => '257104',
)
[ info ] [ RUN ] app\api\controller\User->register[ E:\project\workspace\thinkphp5\application\api\controller\User.php ]
[ info ] [ SESSION ] INIT array (
  'id' => '',
  'var_session_id' => '',
  'prefix' => 'think',
  'type' => '',
  'auto_start' => true,
)
[ info ] [ DB ] INIT mysql
[ info ] [ LOG ] INIT File
[ sql ] [ DB ] CONNECT:[ UseTime:0.000681s ] mysql:dbname=thinkphp5;host=127.0.0.1;charset=utf8
[ sql ] [ SQL ] SHOW COLUMNS FROM `vip` [ RunTime:0.057334s ]
[ sql ] [ SQL ] SELECT * FROM `vip` WHERE  `phone` = '239830645@qq.com' LIMIT 1 [ RunTime:0.000462s ]
[ sql ] [ SQL ] SELECT * FROM `vip` WHERE  `email` = '239830645@qq.com' LIMIT 1 [ RunTime:0.000364s ]
[ sql ] [ SQL ] INSERT INTO `vip` (`password` , `email` , `create_time`) VALUES ('e6c5ce538f971e3df563003fac6e45e0' , '239830645@qq.com' , 1509587297) [ RunTime:0.000303s ]
---------------------------------------------------------------
[ 2017-11-02T09:48:38+08:00 ] 127.0.0.1 127.0.0.1 POST /user/register
[ info ] api.myblog.com/user/register [运行时间：0.049017s][吞吐率：20.40req/s] [内存消耗：1,696.16kb] [文件加载：44]
[ info ] [ LANG ] E:\project\workspace\thinkphp5\thinkphp\lang\zh-cn.php
[ info ] [ BIND ] 'api'
[ info ] [ ROUTE ] array (
  'type' => 'module',
  'module' => 
  array (
    0 => NULL,
    1 => 'user',
    2 => 'register',
  ),
  'convert' => false,
)
[ info ] [ HEADER ] array (
  'host' => 'api.myblog.com',
  'connection' => 'keep-alive',
  'content-length' => '379',
  'origin' => 'chrome-extension://fhbjgbiflinjbdggehcddcbncdddomop',
  'time' => '1',
  'user-agent' => 'Mozilla/5.0 (Windows NT 10.0; Win64; x64) AppleWebKit/537.36 (KHTML, like Gecko) Chrome/60.0.3112.101 Safari/537.36',
  'is_exist' => '0',
  'content-type' => 'multipart/form-data; boundary=----WebKitFormBoundaryiuogKAOBz2B0vWFP',
  'cache-control' => 'no-cache',
  'postman-token' => '6d49bf9f-005a-68de-17ff-3e93216fd635',
  'token' => '1',
  'phone' => '13739499187',
  'accept' => '*/*',
  'accept-encoding' => 'gzip, deflate',
  'accept-language' => 'zh-CN,zh;q=0.8',
  'cookie' => 'PHPSESSID=r45h6719mp22vdeo50tkvthve4',
)
[ info ] [ PARAM ] array (
  'username' => '239830645@qq.com',
  'password' => 'e6c5ce538f971e3df563003fac6e45e0',
  'code' => '257104',
)
[ info ] [ RUN ] app\api\controller\User->register[ E:\project\workspace\thinkphp5\application\api\controller\User.php ]
[ info ] [ SESSION ] INIT array (
  'id' => '',
  'var_session_id' => '',
  'prefix' => 'think',
  'type' => '',
  'auto_start' => true,
)
[ info ] [ LOG ] INIT File
---------------------------------------------------------------
[ 2017-11-02T09:48:46+08:00 ] 127.0.0.1 127.0.0.1 GET /code/11/1/239830645@qq.com/0
[ info ] api.myblog.com/code/11/1/239830645@qq.com/0 [运行时间：1.164717s][吞吐率：0.86req/s] [内存消耗：3,087.38kb] [文件加载：53]
[ info ] [ LANG ] E:\project\workspace\thinkphp5\thinkphp\lang\zh-cn.php
[ info ] [ BIND ] 'api'
[ info ] [ ROUTE ] array (
  'type' => 'module',
  'module' => 
  array (
    0 => NULL,
    1 => 'code',
    2 => 'get_code',
  ),
  'convert' => false,
)
[ info ] [ HEADER ] array (
  'host' => 'api.myblog.com',
  'connection' => 'keep-alive',
  'cache-control' => 'no-cache',
  'user-agent' => 'Mozilla/5.0 (Windows NT 10.0; Win64; x64) AppleWebKit/537.36 (KHTML, like Gecko) Chrome/60.0.3112.101 Safari/537.36',
  'postman-token' => 'e6f514ec-28a3-3ca0-e7c5-aabd2b094913',
  'accept' => '*/*',
  'accept-encoding' => 'gzip, deflate',
  'accept-language' => 'zh-CN,zh;q=0.8',
  'cookie' => 'PHPSESSID=r45h6719mp22vdeo50tkvthve4',
)
[ info ] [ PARAM ] array (
  'time' => '11',
  'token' => '1',
  'username' => '239830645@qq.com',
  'is_exist' => '0',
)
[ info ] [ RUN ] app\api\controller\Code->get_code[ E:\project\workspace\thinkphp5\application\api\controller\Code.php ]
[ info ] [ DB ] INIT mysql
[ info ] [ SESSION ] INIT array (
  'id' => '',
  'var_session_id' => '',
  'prefix' => 'think',
  'type' => '',
  'auto_start' => true,
)
[ info ] [ LOG ] INIT File
[ sql ] [ DB ] CONNECT:[ UseTime:0.000865s ] mysql:dbname=thinkphp5;host=127.0.0.1;charset=utf8
[ sql ] [ SQL ] SHOW COLUMNS FROM `vip` [ RunTime:0.027643s ]
[ sql ] [ SQL ] SELECT * FROM `vip` WHERE  `phone` = '239830645@qq.com' LIMIT 1 [ RunTime:0.000401s ]
[ sql ] [ SQL ] SELECT * FROM `vip` WHERE  `email` = '239830645@qq.com' LIMIT 1 [ RunTime:0.000323s ]
---------------------------------------------------------------
[ 2017-11-02T09:48:58+08:00 ] 127.0.0.1 127.0.0.1 POST /user/register
[ info ] api.myblog.com/user/register [运行时间：0.109605s][吞吐率：9.12req/s] [内存消耗：2,435.94kb] [文件加载：51]
[ info ] [ LANG ] E:\project\workspace\thinkphp5\thinkphp\lang\zh-cn.php
[ info ] [ BIND ] 'api'
[ info ] [ ROUTE ] array (
  'type' => 'module',
  'module' => 
  array (
    0 => NULL,
    1 => 'user',
    2 => 'register',
  ),
  'convert' => false,
)
[ info ] [ HEADER ] array (
  'host' => 'api.myblog.com',
  'connection' => 'keep-alive',
  'content-length' => '379',
  'origin' => 'chrome-extension://fhbjgbiflinjbdggehcddcbncdddomop',
  'time' => '1',
  'user-agent' => 'Mozilla/5.0 (Windows NT 10.0; Win64; x64) AppleWebKit/537.36 (KHTML, like Gecko) Chrome/60.0.3112.101 Safari/537.36',
  'is_exist' => '0',
  'content-type' => 'multipart/form-data; boundary=----WebKitFormBoundaryafa0rTsG0JeBNChI',
  'cache-control' => 'no-cache',
  'postman-token' => '5090f436-adfd-bbfc-a46d-5ea9497c7d0f',
  'token' => '1',
  'phone' => '13739499187',
  'accept' => '*/*',
  'accept-encoding' => 'gzip, deflate',
  'accept-language' => 'zh-CN,zh;q=0.8',
  'cookie' => 'PHPSESSID=r45h6719mp22vdeo50tkvthve4',
)
[ info ] [ PARAM ] array (
  'username' => '239830645@qq.com',
  'password' => 'e6c5ce538f971e3df563003fac6e45e0',
  'code' => '125955',
)
[ info ] [ RUN ] app\api\controller\User->register[ E:\project\workspace\thinkphp5\application\api\controller\User.php ]
[ info ] [ SESSION ] INIT array (
  'id' => '',
  'var_session_id' => '',
  'prefix' => 'think',
  'type' => '',
  'auto_start' => true,
)
[ info ] [ DB ] INIT mysql
[ info ] [ LOG ] INIT File
[ sql ] [ DB ] CONNECT:[ UseTime:0.002828s ] mysql:dbname=thinkphp5;host=127.0.0.1;charset=utf8
[ sql ] [ SQL ] SHOW COLUMNS FROM `vip` [ RunTime:0.057771s ]
[ sql ] [ SQL ] SELECT * FROM `vip` WHERE  `phone` = '239830645@qq.com' LIMIT 1 [ RunTime:0.000377s ]
[ sql ] [ SQL ] SELECT * FROM `vip` WHERE  `email` = '239830645@qq.com' LIMIT 1 [ RunTime:0.000302s ]
[ sql ] [ SQL ] INSERT INTO `vip` (`password` , `email` , `create_time`) VALUES ('e6c5ce538f971e3df563003fac6e45e0' , '239830645@qq.com' , 1509587338) [ RunTime:0.000266s ]
---------------------------------------------------------------
[ 2017-11-02T09:53:32+08:00 ] 127.0.0.1 127.0.0.1 POST /user/login
[ info ] api.myblog.com/user/login [运行时间：0.041887s][吞吐率：23.87req/s] [内存消耗：1,833.17kb] [文件加载：50]
[ info ] [ LANG ] E:\project\workspace\thinkphp5\thinkphp\lang\zh-cn.php
[ info ] [ BIND ] 'api'
[ info ] [ ROUTE ] array (
  'type' => 'module',
  'module' => 
  array (
    0 => NULL,
    1 => 'user',
    2 => 'login',
  ),
  'convert' => false,
)
[ info ] [ HEADER ] array (
  'host' => 'api.myblog.com',
  'connection' => 'keep-alive',
  'content-length' => '379',
  'origin' => 'chrome-extension://fhbjgbiflinjbdggehcddcbncdddomop',
  'time' => '1',
  'user-agent' => 'Mozilla/5.0 (Windows NT 10.0; Win64; x64) AppleWebKit/537.36 (KHTML, like Gecko) Chrome/60.0.3112.101 Safari/537.36',
  'is_exist' => '0',
  'content-type' => 'multipart/form-data; boundary=----WebKitFormBoundarywE0NRjBQXIkjc6za',
  'cache-control' => 'no-cache',
  'postman-token' => 'd75d83c1-dc21-4553-1b7c-fdd7b2f5ec5a',
  'token' => '1',
  'phone' => '13739499187',
  'accept' => '*/*',
  'accept-encoding' => 'gzip, deflate',
  'accept-language' => 'zh-CN,zh;q=0.8',
  'cookie' => 'PHPSESSID=r45h6719mp22vdeo50tkvthve4',
)
[ info ] [ PARAM ] array (
  'username' => '239830645@qq.com',
  'password' => 'e6c5ce538f971e3df563003fac6e45e0',
  'code' => '125955',
)
[ info ] [ RUN ] app\api\controller\User->login[ E:\project\workspace\thinkphp5\application\api\controller\User.php ]
[ info ] [ LOG ] INIT File
---------------------------------------------------------------
[ 2017-11-02T10:06:21+08:00 ] 127.0.0.1 127.0.0.1 POST /user/login
[ info ] api.myblog.com/user/login [运行时间：0.112141s][吞吐率：8.92req/s] [内存消耗：2,389.31kb] [文件加载：50]
[ info ] [ LANG ] E:\project\workspace\thinkphp5\thinkphp\lang\zh-cn.php
[ info ] [ BIND ] 'api'
[ info ] [ ROUTE ] array (
  'type' => 'module',
  'module' => 
  array (
    0 => NULL,
    1 => 'user',
    2 => 'login',
  ),
  'convert' => false,
)
[ info ] [ HEADER ] array (
  'host' => 'api.myblog.com',
  'connection' => 'keep-alive',
  'content-length' => '282',
  'origin' => 'chrome-extension://fhbjgbiflinjbdggehcddcbncdddomop',
  'time' => '1',
  'user-agent' => 'Mozilla/5.0 (Windows NT 10.0; Win64; x64) AppleWebKit/537.36 (KHTML, like Gecko) Chrome/60.0.3112.101 Safari/537.36',
  'is_exist' => '0',
  'content-type' => 'multipart/form-data; boundary=----WebKitFormBoundaryfKmeDewBpI0Aluzm',
  'cache-control' => 'no-cache',
  'postman-token' => '63f9af5d-ad19-ffc6-6d58-eeedbf79c949',
  'token' => '1',
  'phone' => '13739499187',
  'accept' => '*/*',
  'accept-encoding' => 'gzip, deflate',
  'accept-language' => 'zh-CN,zh;q=0.8',
  'cookie' => 'PHPSESSID=r45h6719mp22vdeo50tkvthve4',
)
[ info ] [ PARAM ] array (
  'username' => '239830645@qq.com',
  'password' => 'e6c5ce538f971e3df563003fac6e45e0',
)
[ info ] [ RUN ] app\api\controller\User->login[ E:\project\workspace\thinkphp5\application\api\controller\User.php ]
[ info ] [ DB ] INIT mysql
[ info ] [ LOG ] INIT File
[ sql ] [ DB ] CONNECT:[ UseTime:0.001026s ] mysql:dbname=thinkphp5;host=127.0.0.1;charset=utf8
[ sql ] [ SQL ] SHOW COLUMNS FROM `vip` [ RunTime:0.062430s ]
[ sql ] [ SQL ] SELECT * FROM `vip` WHERE  `phone` = '239830645@qq.com' LIMIT 1 [ RunTime:0.000379s ]
[ sql ] [ SQL ] SELECT * FROM `vip` WHERE  `email` = '239830645@qq.com' LIMIT 1 [ RunTime:0.000299s ]
---------------------------------------------------------------
[ 2017-11-02T10:07:07+08:00 ] 127.0.0.1 127.0.0.1 POST /user/re
[ info ] api.myblog.com/user/re [运行时间：0.193606s][吞吐率：5.17req/s] [内存消耗：1,862.14kb] [文件加载：54]
[ info ] [ LANG ] E:\project\workspace\thinkphp5\thinkphp\lang\zh-cn.php
[ info ] [ BIND ] 'api'
[ info ] [ ROUTE ] array (
  'type' => 'module',
  'module' => 
  array (
    0 => 'api',
    1 => 'user',
    2 => 're',
  ),
)
[ info ] [ HEADER ] array (
  'host' => 'api.myblog.com',
  'connection' => 'keep-alive',
  'content-length' => '379',
  'origin' => 'chrome-extension://fhbjgbiflinjbdggehcddcbncdddomop',
  'time' => '1',
  'user-agent' => 'Mozilla/5.0 (Windows NT 10.0; Win64; x64) AppleWebKit/537.36 (KHTML, like Gecko) Chrome/60.0.3112.101 Safari/537.36',
  'is_exist' => '0',
  'content-type' => 'multipart/form-data; boundary=----WebKitFormBoundaryD2yfla88ZiTBzIcb',
  'cache-control' => 'no-cache',
  'postman-token' => 'c8ae7ebb-c647-790e-0d18-4dc86dd6557d',
  'token' => '1',
  'phone' => '13739499187',
  'accept' => '*/*',
  'accept-encoding' => 'gzip, deflate',
  'accept-language' => 'zh-CN,zh;q=0.8',
  'cookie' => 'PHPSESSID=r45h6719mp22vdeo50tkvthve4',
)
[ info ] [ PARAM ] array (
  'username' => '239830645@qq.com',
  'password' => 'e6c5ce538f971e3df563003fac6e45e0',
  'code' => '125955',
)
[ info ] [ LOG ] INIT File
[ error ] [8]未定义数组索引: re[E:\project\workspace\thinkphp5\application\api\controller\Base.php:80]
---------------------------------------------------------------
[ 2017-11-02T10:08:39+08:00 ] 127.0.0.1 127.0.0.1 GET /code/11/1/239830645@qq.com/0
[ info ] api.myblog.com/code/11/1/239830645@qq.com/0 [运行时间：121.083688s][吞吐率：0.01req/s] [内存消耗：3,213.57kb] [文件加载：61]
[ info ] [ LANG ] E:\project\workspace\thinkphp5\thinkphp\lang\zh-cn.php
[ info ] [ BIND ] 'api'
[ info ] [ ROUTE ] array (
  'type' => 'module',
  'module' => 
  array (
    0 => NULL,
    1 => 'code',
    2 => 'get_code',
  ),
  'convert' => false,
)
[ info ] [ HEADER ] array (
  'host' => 'api.myblog.com',
  'connection' => 'keep-alive',
  'cache-control' => 'no-cache',
  'user-agent' => 'Mozilla/5.0 (Windows NT 10.0; Win64; x64) AppleWebKit/537.36 (KHTML, like Gecko) Chrome/60.0.3112.101 Safari/537.36',
  'postman-token' => '92419674-56ea-7ff8-f4f1-26c971f5e125',
  'accept' => '*/*',
  'accept-encoding' => 'gzip, deflate',
  'accept-language' => 'zh-CN,zh;q=0.8',
  'cookie' => 'PHPSESSID=r45h6719mp22vdeo50tkvthve4',
)
[ info ] [ PARAM ] array (
  'time' => '11',
  'token' => '1',
  'username' => '239830645@qq.com',
  'is_exist' => '0',
)
[ info ] [ RUN ] app\api\controller\Code->get_code[ E:\project\workspace\thinkphp5\application\api\controller\Code.php ]
[ info ] [ DB ] INIT mysql
[ info ] [ SESSION ] INIT array (
  'id' => '',
  'var_session_id' => '',
  'prefix' => 'think',
  'type' => '',
  'auto_start' => true,
)
[ info ] [ LOG ] INIT File
[ sql ] [ DB ] CONNECT:[ UseTime:0.003544s ] mysql:dbname=thinkphp5;host=127.0.0.1;charset=utf8
[ sql ] [ SQL ] SHOW COLUMNS FROM `vip` [ RunTime:0.007809s ]
[ sql ] [ SQL ] SELECT * FROM `vip` WHERE  `phone` = '239830645@qq.com' LIMIT 1 [ RunTime:0.002280s ]
[ sql ] [ SQL ] SELECT * FROM `vip` WHERE  `email` = '239830645@qq.com' LIMIT 1 [ RunTime:0.001338s ]
[ error ] [1]Maximum execution time of 30 seconds exceeded[E:\project\workspace\thinkphp5\extend\PHPMailer\SMTP.php:1116]
---------------------------------------------------------------
[ 2017-11-02T10:08:39+08:00 ] 127.0.0.1 127.0.0.1 POST /user/register
[ info ] api.myblog.com/user/register [运行时间：86.925407s][吞吐率：0.01req/s] [内存消耗：1,872.99kb] [文件加载：54]
[ info ] [ LANG ] E:\project\workspace\thinkphp5\thinkphp\lang\zh-cn.php
[ info ] [ BIND ] 'api'
[ info ] [ ROUTE ] array (
  'type' => 'module',
  'module' => 
  array (
    0 => NULL,
    1 => 'user',
    2 => 'register',
  ),
  'convert' => false,
)
[ info ] [ HEADER ] array (
  'host' => 'api.myblog.com',
  'connection' => 'keep-alive',
  'content-length' => '379',
  'origin' => 'chrome-extension://fhbjgbiflinjbdggehcddcbncdddomop',
  'time' => '1',
  'user-agent' => 'Mozilla/5.0 (Windows NT 10.0; Win64; x64) AppleWebKit/537.36 (KHTML, like Gecko) Chrome/60.0.3112.101 Safari/537.36',
  'is_exist' => '0',
  'content-type' => 'multipart/form-data; boundary=----WebKitFormBoundaryzGaQHTkghmTtAOZZ',
  'cache-control' => 'no-cache',
  'postman-token' => '28bf6b3b-6b00-d696-be74-ad2df59831cb',
  'token' => '1',
  'phone' => '13739499187',
  'accept' => '*/*',
  'accept-encoding' => 'gzip, deflate',
  'accept-language' => 'zh-CN,zh;q=0.8',
  'cookie' => 'PHPSESSID=r45h6719mp22vdeo50tkvthve4',
)
[ info ] [ PARAM ] array (
  'username' => '239830645@qq.com',
  'password' => 'e6c5ce538f971e3df563003fac6e45e0',
  'code' => '125955',
)
[ info ] [ RUN ] app\api\controller\User->register[ E:\project\workspace\thinkphp5\application\api\controller\User.php ]
[ info ] [ SESSION ] INIT array (
  'id' => '',
  'var_session_id' => '',
  'prefix' => 'think',
  'type' => '',
  'auto_start' => true,
)
[ info ] [ LOG ] INIT File
[ error ] [1]Maximum execution time of 30 seconds exceeded[E:\project\workspace\thinkphp5\thinkphp\library\think\Session.php:106]
---------------------------------------------------------------
[ 2017-11-02T10:08:52+08:00 ] 127.0.0.1 127.0.0.1 POST /user/register
[ info ] api.myblog.com/user/register [运行时间：0.035348s][吞吐率：28.29req/s] [内存消耗：1,700.34kb] [文件加载：44]
[ info ] [ LANG ] E:\project\workspace\thinkphp5\thinkphp\lang\zh-cn.php
[ info ] [ BIND ] 'api'
[ info ] [ ROUTE ] array (
  'type' => 'module',
  'module' => 
  array (
    0 => NULL,
    1 => 'user',
    2 => 'register',
  ),
  'convert' => false,
)
[ info ] [ HEADER ] array (
  'host' => 'api.myblog.com',
  'connection' => 'keep-alive',
  'content-length' => '379',
  'origin' => 'chrome-extension://fhbjgbiflinjbdggehcddcbncdddomop',
  'time' => '1',
  'user-agent' => 'Mozilla/5.0 (Windows NT 10.0; Win64; x64) AppleWebKit/537.36 (KHTML, like Gecko) Chrome/60.0.3112.101 Safari/537.36',
  'is_exist' => '0',
  'content-type' => 'multipart/form-data; boundary=----WebKitFormBoundary65fbJSYg9EwqVlnB',
  'cache-control' => 'no-cache',
  'postman-token' => '1508448c-6d85-5079-6bb6-a4d1db5eeada',
  'token' => '1',
  'phone' => '13739499187',
  'accept' => '*/*',
  'accept-encoding' => 'gzip, deflate',
  'accept-language' => 'zh-CN,zh;q=0.8',
  'cookie' => 'PHPSESSID=r45h6719mp22vdeo50tkvthve4',
)
[ info ] [ PARAM ] array (
  'username' => '239830645@qq.com',
  'password' => 'e6c5ce538f971e3df563003fac6e45e0',
  'code' => '125955',
)
[ info ] [ RUN ] app\api\controller\User->register[ E:\project\workspace\thinkphp5\application\api\controller\User.php ]
[ info ] [ SESSION ] INIT array (
  'id' => '',
  'var_session_id' => '',
  'prefix' => 'think',
  'type' => '',
  'auto_start' => true,
)
[ info ] [ LOG ] INIT File
---------------------------------------------------------------
[ 2017-11-02T10:08:58+08:00 ] 127.0.0.1 127.0.0.1 GET /code/11/1/239830645@qq.com/0
[ info ] api.myblog.com/code/11/1/239830645@qq.com/0 [运行时间：1.199070s][吞吐率：0.83req/s] [内存消耗：3,086.83kb] [文件加载：53]
[ info ] [ LANG ] E:\project\workspace\thinkphp5\thinkphp\lang\zh-cn.php
[ info ] [ BIND ] 'api'
[ info ] [ ROUTE ] array (
  'type' => 'module',
  'module' => 
  array (
    0 => NULL,
    1 => 'code',
    2 => 'get_code',
  ),
  'convert' => false,
)
[ info ] [ HEADER ] array (
  'host' => 'api.myblog.com',
  'connection' => 'keep-alive',
  'cache-control' => 'no-cache',
  'user-agent' => 'Mozilla/5.0 (Windows NT 10.0; Win64; x64) AppleWebKit/537.36 (KHTML, like Gecko) Chrome/60.0.3112.101 Safari/537.36',
  'postman-token' => '1ccaa9a1-b27d-b9ec-b9c6-a5f5cdf3d69f',
  'accept' => '*/*',
  'accept-encoding' => 'gzip, deflate',
  'accept-language' => 'zh-CN,zh;q=0.8',
  'cookie' => 'PHPSESSID=r45h6719mp22vdeo50tkvthve4',
)
[ info ] [ PARAM ] array (
  'time' => '11',
  'token' => '1',
  'username' => '239830645@qq.com',
  'is_exist' => '0',
)
[ info ] [ RUN ] app\api\controller\Code->get_code[ E:\project\workspace\thinkphp5\application\api\controller\Code.php ]
[ info ] [ DB ] INIT mysql
[ info ] [ SESSION ] INIT array (
  'id' => '',
  'var_session_id' => '',
  'prefix' => 'think',
  'type' => '',
  'auto_start' => true,
)
[ info ] [ LOG ] INIT File
[ sql ] [ DB ] CONNECT:[ UseTime:0.000820s ] mysql:dbname=thinkphp5;host=127.0.0.1;charset=utf8
[ sql ] [ SQL ] SHOW COLUMNS FROM `vip` [ RunTime:0.037776s ]
[ sql ] [ SQL ] SELECT * FROM `vip` WHERE  `phone` = '239830645@qq.com' LIMIT 1 [ RunTime:0.000548s ]
[ sql ] [ SQL ] SELECT * FROM `vip` WHERE  `email` = '239830645@qq.com' LIMIT 1 [ RunTime:0.001893s ]
---------------------------------------------------------------
[ 2017-11-02T10:09:13+08:00 ] 127.0.0.1 127.0.0.1 POST /user/register
[ info ] api.myblog.com/user/register [运行时间：0.127076s][吞吐率：7.87req/s] [内存消耗：2,440.12kb] [文件加载：51]
[ info ] [ LANG ] E:\project\workspace\thinkphp5\thinkphp\lang\zh-cn.php
[ info ] [ BIND ] 'api'
[ info ] [ ROUTE ] array (
  'type' => 'module',
  'module' => 
  array (
    0 => NULL,
    1 => 'user',
    2 => 'register',
  ),
  'convert' => false,
)
[ info ] [ HEADER ] array (
  'host' => 'api.myblog.com',
  'connection' => 'keep-alive',
  'content-length' => '379',
  'origin' => 'chrome-extension://fhbjgbiflinjbdggehcddcbncdddomop',
  'time' => '1',
  'user-agent' => 'Mozilla/5.0 (Windows NT 10.0; Win64; x64) AppleWebKit/537.36 (KHTML, like Gecko) Chrome/60.0.3112.101 Safari/537.36',
  'is_exist' => '0',
  'content-type' => 'multipart/form-data; boundary=----WebKitFormBoundarymXtJaACre5zDMWrN',
  'cache-control' => 'no-cache',
  'postman-token' => '5978d682-fac8-0e31-a6a0-80af87097f73',
  'token' => '1',
  'phone' => '13739499187',
  'accept' => '*/*',
  'accept-encoding' => 'gzip, deflate',
  'accept-language' => 'zh-CN,zh;q=0.8',
  'cookie' => 'PHPSESSID=r45h6719mp22vdeo50tkvthve4',
)
[ info ] [ PARAM ] array (
  'username' => '239830645@qq.com',
  'password' => 'e6c5ce538f971e3df563003fac6e45e0',
  'code' => '970446',
)
[ info ] [ RUN ] app\api\controller\User->register[ E:\project\workspace\thinkphp5\application\api\controller\User.php ]
[ info ] [ SESSION ] INIT array (
  'id' => '',
  'var_session_id' => '',
  'prefix' => 'think',
  'type' => '',
  'auto_start' => true,
)
[ info ] [ DB ] INIT mysql
[ info ] [ LOG ] INIT File
[ sql ] [ DB ] CONNECT:[ UseTime:0.000768s ] mysql:dbname=thinkphp5;host=127.0.0.1;charset=utf8
[ sql ] [ SQL ] SHOW COLUMNS FROM `vip` [ RunTime:0.065738s ]
[ sql ] [ SQL ] SELECT * FROM `vip` WHERE  `phone` = '239830645@qq.com' LIMIT 1 [ RunTime:0.000401s ]
[ sql ] [ SQL ] SELECT * FROM `vip` WHERE  `email` = '239830645@qq.com' LIMIT 1 [ RunTime:0.000311s ]
[ sql ] [ SQL ] INSERT INTO `vip` (`password` , `email` , `create_time`) VALUES ('e6c5ce538f971e3df563003fac6e45e0' , '239830645@qq.com' , 1509588553) [ RunTime:0.000366s ]
---------------------------------------------------------------
[ 2017-11-02T10:09:25+08:00 ] 127.0.0.1 127.0.0.1 POST /user/login
[ info ] api.myblog.com/user/login [运行时间：0.153742s][吞吐率：6.50req/s] [内存消耗：2,391.10kb] [文件加载：50]
[ info ] [ LANG ] E:\project\workspace\thinkphp5\thinkphp\lang\zh-cn.php
[ info ] [ BIND ] 'api'
[ info ] [ ROUTE ] array (
  'type' => 'module',
  'module' => 
  array (
    0 => NULL,
    1 => 'user',
    2 => 'login',
  ),
  'convert' => false,
)
[ info ] [ HEADER ] array (
  'host' => 'api.myblog.com',
  'connection' => 'keep-alive',
  'content-length' => '282',
  'origin' => 'chrome-extension://fhbjgbiflinjbdggehcddcbncdddomop',
  'time' => '1',
  'user-agent' => 'Mozilla/5.0 (Windows NT 10.0; Win64; x64) AppleWebKit/537.36 (KHTML, like Gecko) Chrome/60.0.3112.101 Safari/537.36',
  'is_exist' => '0',
  'content-type' => 'multipart/form-data; boundary=----WebKitFormBoundaryWDXJWQwbVWqHiDpy',
  'cache-control' => 'no-cache',
  'postman-token' => '1ec74bdc-225d-4597-fc72-bde4a73bf43b',
  'token' => '1',
  'phone' => '13739499187',
  'accept' => '*/*',
  'accept-encoding' => 'gzip, deflate',
  'accept-language' => 'zh-CN,zh;q=0.8',
  'cookie' => 'PHPSESSID=r45h6719mp22vdeo50tkvthve4',
)
[ info ] [ PARAM ] array (
  'username' => '239830645@qq.com',
  'password' => 'e6c5ce538f971e3df563003fac6e45e0',
)
[ info ] [ RUN ] app\api\controller\User->login[ E:\project\workspace\thinkphp5\application\api\controller\User.php ]
[ info ] [ DB ] INIT mysql
[ info ] [ LOG ] INIT File
[ sql ] [ DB ] CONNECT:[ UseTime:0.000661s ] mysql:dbname=thinkphp5;host=127.0.0.1;charset=utf8
[ sql ] [ SQL ] SHOW COLUMNS FROM `vip` [ RunTime:0.059340s ]
[ sql ] [ SQL ] SELECT * FROM `vip` WHERE  `phone` = '239830645@qq.com' LIMIT 1 [ RunTime:0.000346s ]
[ sql ] [ SQL ] SELECT * FROM `vip` WHERE  `email` = '239830645@qq.com' LIMIT 1 [ RunTime:0.000365s ]
[ sql ] [ SQL ] SELECT `id`,`username`,`password`,`phone`,`email`,`create_time` FROM `vip` WHERE  `email` = '239830645@qq.com' LIMIT 1 [ RunTime:0.000457s ]
---------------------------------------------------------------
[ 2017-11-02T10:10:11+08:00 ] 127.0.0.1 127.0.0.1 POST /user/login
[ info ] api.myblog.com/user/login [运行时间：0.108462s][吞吐率：9.22req/s] [内存消耗：2,391.01kb] [文件加载：50]
[ info ] [ LANG ] E:\project\workspace\thinkphp5\thinkphp\lang\zh-cn.php
[ info ] [ BIND ] 'api'
[ info ] [ ROUTE ] array (
  'type' => 'module',
  'module' => 
  array (
    0 => NULL,
    1 => 'user',
    2 => 'login',
  ),
  'convert' => false,
)
[ info ] [ HEADER ] array (
  'host' => 'api.myblog.com',
  'connection' => 'keep-alive',
  'content-length' => '282',
  'origin' => 'chrome-extension://fhbjgbiflinjbdggehcddcbncdddomop',
  'time' => '1',
  'user-agent' => 'Mozilla/5.0 (Windows NT 10.0; Win64; x64) AppleWebKit/537.36 (KHTML, like Gecko) Chrome/60.0.3112.101 Safari/537.36',
  'is_exist' => '0',
  'content-type' => 'multipart/form-data; boundary=----WebKitFormBoundaryolhzIP2e90wtL0I9',
  'cache-control' => 'no-cache',
  'postman-token' => '20dec5de-79b0-6f55-aedc-6fcf03f11876',
  'token' => '1',
  'phone' => '13739499187',
  'accept' => '*/*',
  'accept-encoding' => 'gzip, deflate',
  'accept-language' => 'zh-CN,zh;q=0.8',
  'cookie' => 'PHPSESSID=r45h6719mp22vdeo50tkvthve4',
)
[ info ] [ PARAM ] array (
  'username' => '239830645@qq.com',
  'password' => 'e6c5ce538f971e3df563003fac6e45e0',
)
[ info ] [ RUN ] app\api\controller\User->login[ E:\project\workspace\thinkphp5\application\api\controller\User.php ]
[ info ] [ DB ] INIT mysql
[ info ] [ LOG ] INIT File
[ sql ] [ DB ] CONNECT:[ UseTime:0.000912s ] mysql:dbname=thinkphp5;host=127.0.0.1;charset=utf8
[ sql ] [ SQL ] SHOW COLUMNS FROM `vip` [ RunTime:0.049859s ]
[ sql ] [ SQL ] SELECT * FROM `vip` WHERE  `phone` = '239830645@qq.com' LIMIT 1 [ RunTime:0.000412s ]
[ sql ] [ SQL ] SELECT * FROM `vip` WHERE  `email` = '239830645@qq.com' LIMIT 1 [ RunTime:0.000335s ]
[ sql ] [ SQL ] SELECT `id`,`username`,`password`,`phone`,`email`,`create_time` FROM `vip` WHERE  `email` = '239830645@qq.com' LIMIT 1 [ RunTime:0.000288s ]
---------------------------------------------------------------
[ 2017-11-02T10:11:11+08:00 ] 127.0.0.1 127.0.0.1 POST /user/login
[ info ] api.myblog.com/user/login [运行时间：0.059645s][吞吐率：16.77req/s] [内存消耗：2,389.18kb] [文件加载：50]
[ info ] [ LANG ] E:\project\workspace\thinkphp5\thinkphp\lang\zh-cn.php
[ info ] [ BIND ] 'api'
[ info ] [ ROUTE ] array (
  'type' => 'module',
  'module' => 
  array (
    0 => NULL,
    1 => 'user',
    2 => 'login',
  ),
  'convert' => false,
)
[ info ] [ HEADER ] array (
  'host' => 'api.myblog.com',
  'connection' => 'keep-alive',
  'content-length' => '281',
  'origin' => 'chrome-extension://fhbjgbiflinjbdggehcddcbncdddomop',
  'time' => '1',
  'user-agent' => 'Mozilla/5.0 (Windows NT 10.0; Win64; x64) AppleWebKit/537.36 (KHTML, like Gecko) Chrome/60.0.3112.101 Safari/537.36',
  'is_exist' => '0',
  'content-type' => 'multipart/form-data; boundary=----WebKitFormBoundary3j2WeGFMTRchHadx',
  'cache-control' => 'no-cache',
  'postman-token' => 'ab884167-353d-0d58-87a3-6ef27aeaf229',
  'token' => '1',
  'phone' => '13739499187',
  'accept' => '*/*',
  'accept-encoding' => 'gzip, deflate',
  'accept-language' => 'zh-CN,zh;q=0.8',
  'cookie' => 'PHPSESSID=r45h6719mp22vdeo50tkvthve4',
)
[ info ] [ PARAM ] array (
  'username' => '23930645@qq.com',
  'password' => 'e6c5ce538f971e3df563003fac6e45e0',
)
[ info ] [ RUN ] app\api\controller\User->login[ E:\project\workspace\thinkphp5\application\api\controller\User.php ]
[ info ] [ DB ] INIT mysql
[ info ] [ LOG ] INIT File
[ sql ] [ DB ] CONNECT:[ UseTime:0.000739s ] mysql:dbname=thinkphp5;host=127.0.0.1;charset=utf8
[ sql ] [ SQL ] SHOW COLUMNS FROM `vip` [ RunTime:0.007847s ]
[ sql ] [ SQL ] SELECT * FROM `vip` WHERE  `phone` = '23930645@qq.com' LIMIT 1 [ RunTime:0.000530s ]
[ sql ] [ SQL ] SELECT * FROM `vip` WHERE  `email` = '23930645@qq.com' LIMIT 1 [ RunTime:0.002499s ]
---------------------------------------------------------------
[ 2017-11-02T10:11:23+08:00 ] 127.0.0.1 127.0.0.1 POST /user/login
[ info ] api.myblog.com/user/login [运行时间：0.088705s][吞吐率：11.27req/s] [内存消耗：2,391.01kb] [文件加载：50]
[ info ] [ LANG ] E:\project\workspace\thinkphp5\thinkphp\lang\zh-cn.php
[ info ] [ BIND ] 'api'
[ info ] [ ROUTE ] array (
  'type' => 'module',
  'module' => 
  array (
    0 => NULL,
    1 => 'user',
    2 => 'login',
  ),
  'convert' => false,
)
[ info ] [ HEADER ] array (
  'host' => 'api.myblog.com',
  'connection' => 'keep-alive',
  'content-length' => '282',
  'origin' => 'chrome-extension://fhbjgbiflinjbdggehcddcbncdddomop',
  'time' => '1',
  'user-agent' => 'Mozilla/5.0 (Windows NT 10.0; Win64; x64) AppleWebKit/537.36 (KHTML, like Gecko) Chrome/60.0.3112.101 Safari/537.36',
  'is_exist' => '0',
  'content-type' => 'multipart/form-data; boundary=----WebKitFormBoundaryhwBnDkdYcT51EEn1',
  'cache-control' => 'no-cache',
  'postman-token' => '15e5c26e-e3bd-bafb-8a2e-174ed3d10c58',
  'token' => '1',
  'phone' => '13739499187',
  'accept' => '*/*',
  'accept-encoding' => 'gzip, deflate',
  'accept-language' => 'zh-CN,zh;q=0.8',
  'cookie' => 'PHPSESSID=r45h6719mp22vdeo50tkvthve4',
)
[ info ] [ PARAM ] array (
  'username' => '239830645@qq.com',
  'password' => 'e6c5ce538f971e3df563003fac6e45e0',
)
[ info ] [ RUN ] app\api\controller\User->login[ E:\project\workspace\thinkphp5\application\api\controller\User.php ]
[ info ] [ DB ] INIT mysql
[ info ] [ LOG ] INIT File
[ sql ] [ DB ] CONNECT:[ UseTime:0.000742s ] mysql:dbname=thinkphp5;host=127.0.0.1;charset=utf8
[ sql ] [ SQL ] SHOW COLUMNS FROM `vip` [ RunTime:0.006954s ]
[ sql ] [ SQL ] SELECT * FROM `vip` WHERE  `phone` = '239830645@qq.com' LIMIT 1 [ RunTime:0.001918s ]
[ sql ] [ SQL ] SELECT * FROM `vip` WHERE  `email` = '239830645@qq.com' LIMIT 1 [ RunTime:0.000504s ]
[ sql ] [ SQL ] SELECT `id`,`username`,`password`,`phone`,`email`,`create_time` FROM `vip` WHERE  `email` = '239830645@qq.com' LIMIT 1 [ RunTime:0.000337s ]
---------------------------------------------------------------
[ 2017-11-02T10:11:28+08:00 ] 127.0.0.1 127.0.0.1 POST /user/login
[ info ] api.myblog.com/user/login [运行时间：0.057488s][吞吐率：17.39req/s] [内存消耗：1,648.12kb] [文件加载：43]
[ info ] [ LANG ] E:\project\workspace\thinkphp5\thinkphp\lang\zh-cn.php
[ info ] [ BIND ] 'api'
[ info ] [ ROUTE ] array (
  'type' => 'module',
  'module' => 
  array (
    0 => NULL,
    1 => 'user',
    2 => 'login',
  ),
  'convert' => false,
)
[ info ] [ HEADER ] array (
  'host' => 'api.myblog.com',
  'connection' => 'keep-alive',
  'content-length' => '281',
  'origin' => 'chrome-extension://fhbjgbiflinjbdggehcddcbncdddomop',
  'time' => '1',
  'user-agent' => 'Mozilla/5.0 (Windows NT 10.0; Win64; x64) AppleWebKit/537.36 (KHTML, like Gecko) Chrome/60.0.3112.101 Safari/537.36',
  'is_exist' => '0',
  'content-type' => 'multipart/form-data; boundary=----WebKitFormBoundary9egA61gtCypl2pJ0',
  'cache-control' => 'no-cache',
  'postman-token' => '6fbd2725-2722-69a0-a8e2-62e86c450030',
  'token' => '1',
  'phone' => '13739499187',
  'accept' => '*/*',
  'accept-encoding' => 'gzip, deflate',
  'accept-language' => 'zh-CN,zh;q=0.8',
  'cookie' => 'PHPSESSID=r45h6719mp22vdeo50tkvthve4',
)
[ info ] [ PARAM ] array (
  'username' => '239830645@qq.com',
  'password' => 'e6c5ce38f971e3df563003fac6e45e0',
)
[ info ] [ LOG ] INIT File
---------------------------------------------------------------
[ 2017-11-02T10:11:35+08:00 ] 127.0.0.1 127.0.0.1 POST /user/login
[ info ] api.myblog.com/user/login [运行时间：0.129649s][吞吐率：7.71req/s] [内存消耗：2,391.01kb] [文件加载：50]
[ info ] [ LANG ] E:\project\workspace\thinkphp5\thinkphp\lang\zh-cn.php
[ info ] [ BIND ] 'api'
[ info ] [ ROUTE ] array (
  'type' => 'module',
  'module' => 
  array (
    0 => NULL,
    1 => 'user',
    2 => 'login',
  ),
  'convert' => false,
)
[ info ] [ HEADER ] array (
  'host' => 'api.myblog.com',
  'connection' => 'keep-alive',
  'content-length' => '282',
  'origin' => 'chrome-extension://fhbjgbiflinjbdggehcddcbncdddomop',
  'time' => '1',
  'user-agent' => 'Mozilla/5.0 (Windows NT 10.0; Win64; x64) AppleWebKit/537.36 (KHTML, like Gecko) Chrome/60.0.3112.101 Safari/537.36',
  'is_exist' => '0',
  'content-type' => 'multipart/form-data; boundary=----WebKitFormBoundaryikVx2vqSPoKmosg7',
  'cache-control' => 'no-cache',
  'postman-token' => '6becbc62-69e2-fa76-165b-c1a600965767',
  'token' => '1',
  'phone' => '13739499187',
  'accept' => '*/*',
  'accept-encoding' => 'gzip, deflate',
  'accept-language' => 'zh-CN,zh;q=0.8',
  'cookie' => 'PHPSESSID=r45h6719mp22vdeo50tkvthve4',
)
[ info ] [ PARAM ] array (
  'username' => '239830645@qq.com',
  'password' => 'e6c5ce538f971e3df563003fac6e45e0',
)
[ info ] [ RUN ] app\api\controller\User->login[ E:\project\workspace\thinkphp5\application\api\controller\User.php ]
[ info ] [ DB ] INIT mysql
[ info ] [ LOG ] INIT File
[ sql ] [ DB ] CONNECT:[ UseTime:0.000661s ] mysql:dbname=thinkphp5;host=127.0.0.1;charset=utf8
[ sql ] [ SQL ] SHOW COLUMNS FROM `vip` [ RunTime:0.083334s ]
[ sql ] [ SQL ] SELECT * FROM `vip` WHERE  `phone` = '239830645@qq.com' LIMIT 1 [ RunTime:0.000382s ]
[ sql ] [ SQL ] SELECT * FROM `vip` WHERE  `email` = '239830645@qq.com' LIMIT 1 [ RunTime:0.000293s ]
[ sql ] [ SQL ] SELECT `id`,`username`,`password`,`phone`,`email`,`create_time` FROM `vip` WHERE  `email` = '239830645@qq.com' LIMIT 1 [ RunTime:0.000244s ]
---------------------------------------------------------------
[ 2017-11-02T10:11:56+08:00 ] 127.0.0.1 127.0.0.1 POST /user/login
[ info ] api.myblog.com/user/login [运行时间：0.058354s][吞吐率：17.14req/s] [内存消耗：2,391.23kb] [文件加载：50]
[ info ] [ LANG ] E:\project\workspace\thinkphp5\thinkphp\lang\zh-cn.php
[ info ] [ BIND ] 'api'
[ info ] [ ROUTE ] array (
  'type' => 'module',
  'module' => 
  array (
    0 => NULL,
    1 => 'user',
    2 => 'login',
  ),
  'convert' => false,
)
[ info ] [ HEADER ] array (
  'host' => 'api.myblog.com',
  'connection' => 'keep-alive',
  'content-length' => '282',
  'origin' => 'chrome-extension://fhbjgbiflinjbdggehcddcbncdddomop',
  'time' => '1',
  'user-agent' => 'Mozilla/5.0 (Windows NT 10.0; Win64; x64) AppleWebKit/537.36 (KHTML, like Gecko) Chrome/60.0.3112.101 Safari/537.36',
  'is_exist' => '0',
  'content-type' => 'multipart/form-data; boundary=----WebKitFormBoundaryZ0Gy77yvHY1uEE1U',
  'cache-control' => 'no-cache',
  'postman-token' => '2f65e4dd-4b72-1efc-30f1-0ebcfbcab8b7',
  'token' => '1',
  'phone' => '13739499187',
  'accept' => '*/*',
  'accept-encoding' => 'gzip, deflate',
  'accept-language' => 'zh-CN,zh;q=0.8',
  'cookie' => 'PHPSESSID=r45h6719mp22vdeo50tkvthve4',
)
[ info ] [ PARAM ] array (
  'username' => '239830645@qq.com',
  'password' => 'e6c5ce538f971e3df563003fac6e45e1',
)
[ info ] [ RUN ] app\api\controller\User->login[ E:\project\workspace\thinkphp5\application\api\controller\User.php ]
[ info ] [ DB ] INIT mysql
[ info ] [ LOG ] INIT File
[ sql ] [ DB ] CONNECT:[ UseTime:0.001436s ] mysql:dbname=thinkphp5;host=127.0.0.1;charset=utf8
[ sql ] [ SQL ] SHOW COLUMNS FROM `vip` [ RunTime:0.007609s ]
[ sql ] [ SQL ] SELECT * FROM `vip` WHERE  `phone` = '239830645@qq.com' LIMIT 1 [ RunTime:0.000448s ]
[ sql ] [ SQL ] SELECT * FROM `vip` WHERE  `email` = '239830645@qq.com' LIMIT 1 [ RunTime:0.000343s ]
[ sql ] [ SQL ] SELECT `id`,`username`,`password`,`phone`,`email`,`create_time` FROM `vip` WHERE  `email` = '239830645@qq.com' LIMIT 1 [ RunTime:0.000348s ]
---------------------------------------------------------------
[ 2017-11-02T10:12:01+08:00 ] 127.0.0.1 127.0.0.1 POST /user/login
[ info ] api.myblog.com/user/login [运行时间：0.074300s][吞吐率：13.46req/s] [内存消耗：2,391.01kb] [文件加载：50]
[ info ] [ LANG ] E:\project\workspace\thinkphp5\thinkphp\lang\zh-cn.php
[ info ] [ BIND ] 'api'
[ info ] [ ROUTE ] array (
  'type' => 'module',
  'module' => 
  array (
    0 => NULL,
    1 => 'user',
    2 => 'login',
  ),
  'convert' => false,
)
[ info ] [ HEADER ] array (
  'host' => 'api.myblog.com',
  'connection' => 'keep-alive',
  'content-length' => '282',
  'origin' => 'chrome-extension://fhbjgbiflinjbdggehcddcbncdddomop',
  'time' => '1',
  'user-agent' => 'Mozilla/5.0 (Windows NT 10.0; Win64; x64) AppleWebKit/537.36 (KHTML, like Gecko) Chrome/60.0.3112.101 Safari/537.36',
  'is_exist' => '0',
  'content-type' => 'multipart/form-data; boundary=----WebKitFormBoundary6uGBQmLvj5QJBDMs',
  'cache-control' => 'no-cache',
  'postman-token' => '3f4f6da3-3e95-a10a-bc7e-b93a199042bc',
  'token' => '1',
  'phone' => '13739499187',
  'accept' => '*/*',
  'accept-encoding' => 'gzip, deflate',
  'accept-language' => 'zh-CN,zh;q=0.8',
  'cookie' => 'PHPSESSID=r45h6719mp22vdeo50tkvthve4',
)
[ info ] [ PARAM ] array (
  'username' => '239830645@qq.com',
  'password' => 'e6c5ce538f971e3df563003fac6e45e0',
)
[ info ] [ RUN ] app\api\controller\User->login[ E:\project\workspace\thinkphp5\application\api\controller\User.php ]
[ info ] [ DB ] INIT mysql
[ info ] [ LOG ] INIT File
[ sql ] [ DB ] CONNECT:[ UseTime:0.000902s ] mysql:dbname=thinkphp5;host=127.0.0.1;charset=utf8
[ sql ] [ SQL ] SHOW COLUMNS FROM `vip` [ RunTime:0.008020s ]
[ sql ] [ SQL ] SELECT * FROM `vip` WHERE  `phone` = '239830645@qq.com' LIMIT 1 [ RunTime:0.002130s ]
[ sql ] [ SQL ] SELECT * FROM `vip` WHERE  `email` = '239830645@qq.com' LIMIT 1 [ RunTime:0.000535s ]
[ sql ] [ SQL ] SELECT `id`,`username`,`password`,`phone`,`email`,`create_time` FROM `vip` WHERE  `email` = '239830645@qq.com' LIMIT 1 [ RunTime:0.000329s ]
---------------------------------------------------------------
[ 2017-11-02T10:24:44+08:00 ] 127.0.0.1 127.0.0.1 POST /user/icon
[ info ] api.myblog.com/user/icon [运行时间：0.258280s][吞吐率：3.87req/s] [内存消耗：1,904.48kb] [文件加载：51]
[ info ] [ LANG ] E:\project\workspace\thinkphp5\thinkphp\lang\zh-cn.php
[ info ] [ BIND ] 'api'
[ info ] [ ROUTE ] array (
  'type' => 'module',
  'module' => 
  array (
    0 => NULL,
    1 => 'User',
    2 => 'upload_head_icon',
  ),
  'convert' => false,
)
[ info ] [ HEADER ] array (
  'host' => 'api.myblog.com',
  'connection' => 'keep-alive',
  'content-length' => '191887',
  'origin' => 'chrome-extension://fhbjgbiflinjbdggehcddcbncdddomop',
  'time' => '1',
  'user-agent' => 'Mozilla/5.0 (Windows NT 10.0; Win64; x64) AppleWebKit/537.36 (KHTML, like Gecko) Chrome/60.0.3112.101 Safari/537.36',
  'is_exist' => '0',
  'content-type' => 'multipart/form-data; boundary=----WebKitFormBoundaryMuRbQBTaNqWVaF16',
  'cache-control' => 'no-cache',
  'postman-token' => 'c9bf5ec7-fb56-1c3e-bd4a-28691078d42d',
  'token' => '1',
  'phone' => '13739499187',
  'accept' => '*/*',
  'accept-encoding' => 'gzip, deflate',
  'accept-language' => 'zh-CN,zh;q=0.8',
  'cookie' => 'PHPSESSID=r45h6719mp22vdeo50tkvthve4',
)
[ info ] [ PARAM ] array (
  'id' => '35',
)
[ info ] [ RUN ] app\api\controller\User->upload_head_icon[ E:\project\workspace\thinkphp5\application\api\controller\User.php ]
[ info ] [ LOG ] INIT File
---------------------------------------------------------------
[ 2017-11-02T10:25:07+08:00 ] 127.0.0.1 127.0.0.1 POST /user/icon
[ info ] api.myblog.com/user/icon [运行时间：0.040832s][吞吐率：24.49req/s] [内存消耗：1,904.51kb] [文件加载：51]
[ info ] [ LANG ] E:\project\workspace\thinkphp5\thinkphp\lang\zh-cn.php
[ info ] [ BIND ] 'api'
[ info ] [ ROUTE ] array (
  'type' => 'module',
  'module' => 
  array (
    0 => NULL,
    1 => 'User',
    2 => 'upload_head_icon',
  ),
  'convert' => false,
)
[ info ] [ HEADER ] array (
  'host' => 'api.myblog.com',
  'connection' => 'keep-alive',
  'content-length' => '191887',
  'origin' => 'chrome-extension://fhbjgbiflinjbdggehcddcbncdddomop',
  'time' => '1',
  'user-agent' => 'Mozilla/5.0 (Windows NT 10.0; Win64; x64) AppleWebKit/537.36 (KHTML, like Gecko) Chrome/60.0.3112.101 Safari/537.36',
  'is_exist' => '0',
  'content-type' => 'multipart/form-data; boundary=----WebKitFormBoundaryifG9pa2ILsH9kWfO',
  'cache-control' => 'no-cache',
  'postman-token' => '8173eeee-fea0-e149-654c-5b2b3052d1fa',
  'token' => '1',
  'phone' => '13739499187',
  'accept' => '*/*',
  'accept-encoding' => 'gzip, deflate',
  'accept-language' => 'zh-CN,zh;q=0.8',
  'cookie' => 'PHPSESSID=r45h6719mp22vdeo50tkvthve4',
)
[ info ] [ PARAM ] array (
  'id' => '35',
)
[ info ] [ RUN ] app\api\controller\User->upload_head_icon[ E:\project\workspace\thinkphp5\application\api\controller\User.php ]
[ info ] [ LOG ] INIT File
---------------------------------------------------------------
[ 2017-11-02T10:25:35+08:00 ] 127.0.0.1 127.0.0.1 POST /user/icon
[ info ] api.myblog.com/user/icon [运行时间：0.046885s][吞吐率：21.33req/s] [内存消耗：1,716.13kb] [文件加载：44]
[ info ] [ LANG ] E:\project\workspace\thinkphp5\thinkphp\lang\zh-cn.php
[ info ] [ BIND ] 'api'
[ info ] [ ROUTE ] array (
  'type' => 'module',
  'module' => 
  array (
    0 => NULL,
    1 => 'User',
    2 => 'upload_head_icon',
  ),
  'convert' => false,
)
[ info ] [ HEADER ] array (
  'host' => 'api.myblog.com',
  'connection' => 'keep-alive',
  'content-length' => '1023289',
  'origin' => 'chrome-extension://fhbjgbiflinjbdggehcddcbncdddomop',
  'time' => '1',
  'user-agent' => 'Mozilla/5.0 (Windows NT 10.0; Win64; x64) AppleWebKit/537.36 (KHTML, like Gecko) Chrome/60.0.3112.101 Safari/537.36',
  'is_exist' => '0',
  'content-type' => 'multipart/form-data; boundary=----WebKitFormBoundaryVznAHhb93eF8VDZC',
  'cache-control' => 'no-cache',
  'postman-token' => '0449a0c1-39a7-07e2-4f50-9f6884285bf5',
  'token' => '1',
  'phone' => '13739499187',
  'accept' => '*/*',
  'accept-encoding' => 'gzip, deflate',
  'accept-language' => 'zh-CN,zh;q=0.8',
  'cookie' => 'PHPSESSID=r45h6719mp22vdeo50tkvthve4',
)
[ info ] [ PARAM ] array (
  'id' => '35',
)
[ info ] [ LOG ] INIT File
---------------------------------------------------------------
[ 2017-11-02T10:50:19+08:00 ] 127.0.0.1 127.0.0.1 POST /user/icon
[ info ] api.myblog.com/user/icon [运行时间：1.179461s][吞吐率：0.85req/s] [内存消耗：1,724.80kb] [文件加载：44]
[ info ] [ LANG ] E:\project\workspace\thinkphp5\thinkphp\lang\zh-cn.php
[ info ] [ BIND ] 'api'
[ info ] [ ROUTE ] array (
  'type' => 'module',
  'module' => 
  array (
    0 => NULL,
    1 => 'User',
    2 => 'upload_head_icon',
  ),
  'convert' => false,
)
[ info ] [ HEADER ] array (
  'host' => 'api.myblog.com',
  'connection' => 'keep-alive',
  'content-length' => '1023289',
  'origin' => 'chrome-extension://fhbjgbiflinjbdggehcddcbncdddomop',
  'time' => '1',
  'user-agent' => 'Mozilla/5.0 (Windows NT 10.0; Win64; x64) AppleWebKit/537.36 (KHTML, like Gecko) Chrome/60.0.3112.101 Safari/537.36',
  'is_exist' => '0',
  'content-type' => 'multipart/form-data; boundary=----WebKitFormBoundaryLSj9xHiDny3mzc6A',
  'cache-control' => 'no-cache',
  'postman-token' => 'b5554742-964f-7b1f-5729-5f5e5973e7c0',
  'token' => '1',
  'phone' => '13739499187',
  'accept' => '*/*',
  'accept-encoding' => 'gzip, deflate',
  'accept-language' => 'zh-CN,zh;q=0.8',
  'cookie' => 'PHPSESSID=r45h6719mp22vdeo50tkvthve4',
)
[ info ] [ PARAM ] array (
  'id' => '35',
)
[ info ] [ LOG ] INIT File
---------------------------------------------------------------
[ 2017-11-02T10:50:28+08:00 ] 127.0.0.1 127.0.0.1 POST /user/icon
[ info ] api.myblog.com/user/icon [运行时间：0.171789s][吞吐率：5.82req/s] [内存消耗：1,945.98kb] [文件加载：55]
[ info ] [ LANG ] E:\project\workspace\thinkphp5\thinkphp\lang\zh-cn.php
[ info ] [ BIND ] 'api'
[ info ] [ ROUTE ] array (
  'type' => 'module',
  'module' => 
  array (
    0 => NULL,
    1 => 'User',
    2 => 'upload_head_icon',
  ),
  'convert' => false,
)
[ info ] [ HEADER ] array (
  'host' => 'api.myblog.com',
  'connection' => 'keep-alive',
  'content-length' => '191887',
  'origin' => 'chrome-extension://fhbjgbiflinjbdggehcddcbncdddomop',
  'time' => '1',
  'user-agent' => 'Mozilla/5.0 (Windows NT 10.0; Win64; x64) AppleWebKit/537.36 (KHTML, like Gecko) Chrome/60.0.3112.101 Safari/537.36',
  'is_exist' => '0',
  'content-type' => 'multipart/form-data; boundary=----WebKitFormBoundary1AJvnmnGX7jWNMnf',
  'cache-control' => 'no-cache',
  'postman-token' => '95f23de9-7e5f-ea70-0c4a-4f24c5425ee5',
  'token' => '1',
  'phone' => '13739499187',
  'accept' => '*/*',
  'accept-encoding' => 'gzip, deflate',
  'accept-language' => 'zh-CN,zh;q=0.8',
  'cookie' => 'PHPSESSID=r45h6719mp22vdeo50tkvthve4',
)
[ info ] [ PARAM ] array (
  'id' => '35',
)
[ info ] [ RUN ] app\api\controller\User->upload_head_icon[ E:\project\workspace\thinkphp5\application\api\controller\User.php ]
[ info ] [ LOG ] INIT File
[ error ] [1]Call to a member function move() on a non-object[E:\project\workspace\thinkphp5\application\api\controller\Base.php:168]
---------------------------------------------------------------
[ 2017-11-02T10:53:09+08:00 ] 127.0.0.1 127.0.0.1 POST /user/icon
[ info ] api.myblog.com/user/icon [运行时间：0.049584s][吞吐率：20.17req/s] [内存消耗：1,945.36kb] [文件加载：55]
[ info ] [ LANG ] E:\project\workspace\thinkphp5\thinkphp\lang\zh-cn.php
[ info ] [ BIND ] 'api'
[ info ] [ ROUTE ] array (
  'type' => 'module',
  'module' => 
  array (
    0 => NULL,
    1 => 'User',
    2 => 'upload_head_icon',
  ),
  'convert' => false,
)
[ info ] [ HEADER ] array (
  'host' => 'api.myblog.com',
  'connection' => 'keep-alive',
  'content-length' => '191887',
  'origin' => 'chrome-extension://fhbjgbiflinjbdggehcddcbncdddomop',
  'time' => '1',
  'user-agent' => 'Mozilla/5.0 (Windows NT 10.0; Win64; x64) AppleWebKit/537.36 (KHTML, like Gecko) Chrome/60.0.3112.101 Safari/537.36',
  'is_exist' => '0',
  'content-type' => 'multipart/form-data; boundary=----WebKitFormBoundaryOwkgdTkbfZtpgm1p',
  'cache-control' => 'no-cache',
  'postman-token' => '268637cc-8083-6131-98aa-3fb7cd184a14',
  'token' => '1',
  'phone' => '13739499187',
  'accept' => '*/*',
  'accept-encoding' => 'gzip, deflate',
  'accept-language' => 'zh-CN,zh;q=0.8',
  'cookie' => 'PHPSESSID=r45h6719mp22vdeo50tkvthve4',
)
[ info ] [ PARAM ] array (
  'id' => '35',
)
[ info ] [ RUN ] app\api\controller\User->upload_head_icon[ E:\project\workspace\thinkphp5\application\api\controller\User.php ]
[ info ] [ LOG ] INIT File
[ error ] [1]Call to a member function move() on a non-object[E:\project\workspace\thinkphp5\application\api\controller\Base.php:168]
---------------------------------------------------------------
[ 2017-11-02T10:55:46+08:00 ] 127.0.0.1 127.0.0.1 POST /user/icon
[ info ] api.myblog.com/user/icon [运行时间：0.049171s][吞吐率：20.34req/s] [内存消耗：1,945.34kb] [文件加载：55]
[ info ] [ LANG ] E:\project\workspace\thinkphp5\thinkphp\lang\zh-cn.php
[ info ] [ BIND ] 'api'
[ info ] [ ROUTE ] array (
  'type' => 'module',
  'module' => 
  array (
    0 => NULL,
    1 => 'User',
    2 => 'upload_head_icon',
  ),
  'convert' => false,
)
[ info ] [ HEADER ] array (
  'host' => 'api.myblog.com',
  'connection' => 'keep-alive',
  'content-length' => '191887',
  'origin' => 'chrome-extension://fhbjgbiflinjbdggehcddcbncdddomop',
  'time' => '1',
  'user-agent' => 'Mozilla/5.0 (Windows NT 10.0; Win64; x64) AppleWebKit/537.36 (KHTML, like Gecko) Chrome/60.0.3112.101 Safari/537.36',
  'is_exist' => '0',
  'content-type' => 'multipart/form-data; boundary=----WebKitFormBoundaryrpTCAlMTyjHJt8gt',
  'cache-control' => 'no-cache',
  'postman-token' => '1f26a3b2-2226-8b5c-ade0-935ba980dda5',
  'token' => '1',
  'phone' => '13739499187',
  'accept' => '*/*',
  'accept-encoding' => 'gzip, deflate',
  'accept-language' => 'zh-CN,zh;q=0.8',
  'cookie' => 'PHPSESSID=r45h6719mp22vdeo50tkvthve4',
)
[ info ] [ PARAM ] array (
  'id' => '35',
)
[ info ] [ RUN ] app\api\controller\User->upload_head_icon[ E:\project\workspace\thinkphp5\application\api\controller\User.php ]
[ info ] [ LOG ] INIT File
[ error ] [1]Call to a member function move() on a non-object[E:\project\workspace\thinkphp5\application\api\controller\Base.php:168]
---------------------------------------------------------------
[ 2017-11-02T10:57:14+08:00 ] 127.0.0.1 127.0.0.1 POST /user/icon
[ info ] api.myblog.com/user/icon [运行时间：0.037911s][吞吐率：26.38req/s] [内存消耗：1,945.38kb] [文件加载：55]
[ info ] [ LANG ] E:\project\workspace\thinkphp5\thinkphp\lang\zh-cn.php
[ info ] [ BIND ] 'api'
[ info ] [ ROUTE ] array (
  'type' => 'module',
  'module' => 
  array (
    0 => NULL,
    1 => 'User',
    2 => 'upload_head_icon',
  ),
  'convert' => false,
)
[ info ] [ HEADER ] array (
  'host' => 'api.myblog.com',
  'connection' => 'keep-alive',
  'content-length' => '191887',
  'origin' => 'chrome-extension://fhbjgbiflinjbdggehcddcbncdddomop',
  'time' => '1',
  'user-agent' => 'Mozilla/5.0 (Windows NT 10.0; Win64; x64) AppleWebKit/537.36 (KHTML, like Gecko) Chrome/60.0.3112.101 Safari/537.36',
  'is_exist' => '0',
  'content-type' => 'multipart/form-data; boundary=----WebKitFormBoundaryYnyIANkWA9wBE9W8',
  'cache-control' => 'no-cache',
  'postman-token' => '4d91476c-df5d-14cd-a4c9-da02eef6cba0',
  'token' => '1',
  'phone' => '13739499187',
  'accept' => '*/*',
  'accept-encoding' => 'gzip, deflate',
  'accept-language' => 'zh-CN,zh;q=0.8',
  'cookie' => 'PHPSESSID=r45h6719mp22vdeo50tkvthve4',
)
[ info ] [ PARAM ] array (
  'id' => '35',
)
[ info ] [ RUN ] app\api\controller\User->upload_head_icon[ E:\project\workspace\thinkphp5\application\api\controller\User.php ]
[ info ] [ LOG ] INIT File
[ error ] [1]Call to a member function move() on a non-object[E:\project\workspace\thinkphp5\application\api\controller\Base.php:168]
---------------------------------------------------------------
[ 2017-11-02T10:58:16+08:00 ] 127.0.0.1 127.0.0.1 POST /user/icon
[ info ] api.myblog.com/user/icon [运行时间：0.048279s][吞吐率：20.71req/s] [内存消耗：1,945.34kb] [文件加载：55]
[ info ] [ LANG ] E:\project\workspace\thinkphp5\thinkphp\lang\zh-cn.php
[ info ] [ BIND ] 'api'
[ info ] [ ROUTE ] array (
  'type' => 'module',
  'module' => 
  array (
    0 => NULL,
    1 => 'User',
    2 => 'upload_head_icon',
  ),
  'convert' => false,
)
[ info ] [ HEADER ] array (
  'host' => 'api.myblog.com',
  'connection' => 'keep-alive',
  'content-length' => '191887',
  'origin' => 'chrome-extension://fhbjgbiflinjbdggehcddcbncdddomop',
  'time' => '1',
  'user-agent' => 'Mozilla/5.0 (Windows NT 10.0; Win64; x64) AppleWebKit/537.36 (KHTML, like Gecko) Chrome/60.0.3112.101 Safari/537.36',
  'is_exist' => '0',
  'content-type' => 'multipart/form-data; boundary=----WebKitFormBoundaryiJXsIK5OtxAuiLAx',
  'cache-control' => 'no-cache',
  'postman-token' => '34559ae5-6f11-aab9-32b5-8d61d42a44d3',
  'token' => '1',
  'phone' => '13739499187',
  'accept' => '*/*',
  'accept-encoding' => 'gzip, deflate',
  'accept-language' => 'zh-CN,zh;q=0.8',
  'cookie' => 'PHPSESSID=r45h6719mp22vdeo50tkvthve4',
)
[ info ] [ PARAM ] array (
  'id' => '35',
)
[ info ] [ RUN ] app\api\controller\User->upload_head_icon[ E:\project\workspace\thinkphp5\application\api\controller\User.php ]
[ info ] [ LOG ] INIT File
[ error ] [1]Call to a member function move() on a non-object[E:\project\workspace\thinkphp5\application\api\controller\Base.php:168]
---------------------------------------------------------------
[ 2017-11-02T10:58:18+08:00 ] 127.0.0.1 127.0.0.1 POST /user/icon
[ info ] api.myblog.com/user/icon [运行时间：0.047862s][吞吐率：20.89req/s] [内存消耗：1,945.34kb] [文件加载：55]
[ info ] [ LANG ] E:\project\workspace\thinkphp5\thinkphp\lang\zh-cn.php
[ info ] [ BIND ] 'api'
[ info ] [ ROUTE ] array (
  'type' => 'module',
  'module' => 
  array (
    0 => NULL,
    1 => 'User',
    2 => 'upload_head_icon',
  ),
  'convert' => false,
)
[ info ] [ HEADER ] array (
  'host' => 'api.myblog.com',
  'connection' => 'keep-alive',
  'content-length' => '191887',
  'origin' => 'chrome-extension://fhbjgbiflinjbdggehcddcbncdddomop',
  'time' => '1',
  'user-agent' => 'Mozilla/5.0 (Windows NT 10.0; Win64; x64) AppleWebKit/537.36 (KHTML, like Gecko) Chrome/60.0.3112.101 Safari/537.36',
  'is_exist' => '0',
  'content-type' => 'multipart/form-data; boundary=----WebKitFormBoundarySiiMIDe8pObMtAHy',
  'cache-control' => 'no-cache',
  'postman-token' => '5f97de60-b6c0-396c-676b-63b160ccbed5',
  'token' => '1',
  'phone' => '13739499187',
  'accept' => '*/*',
  'accept-encoding' => 'gzip, deflate',
  'accept-language' => 'zh-CN,zh;q=0.8',
  'cookie' => 'PHPSESSID=r45h6719mp22vdeo50tkvthve4',
)
[ info ] [ PARAM ] array (
  'id' => '35',
)
[ info ] [ RUN ] app\api\controller\User->upload_head_icon[ E:\project\workspace\thinkphp5\application\api\controller\User.php ]
[ info ] [ LOG ] INIT File
[ error ] [1]Call to a member function move() on a non-object[E:\project\workspace\thinkphp5\application\api\controller\Base.php:168]
---------------------------------------------------------------
[ 2017-11-02T10:58:18+08:00 ] 127.0.0.1 127.0.0.1 POST /user/icon
[ info ] api.myblog.com/user/icon [运行时间：0.064396s][吞吐率：15.53req/s] [内存消耗：1,945.30kb] [文件加载：55]
[ info ] [ LANG ] E:\project\workspace\thinkphp5\thinkphp\lang\zh-cn.php
[ info ] [ BIND ] 'api'
[ info ] [ ROUTE ] array (
  'type' => 'module',
  'module' => 
  array (
    0 => NULL,
    1 => 'User',
    2 => 'upload_head_icon',
  ),
  'convert' => false,
)
[ info ] [ HEADER ] array (
  'host' => 'api.myblog.com',
  'connection' => 'keep-alive',
  'content-length' => '191887',
  'origin' => 'chrome-extension://fhbjgbiflinjbdggehcddcbncdddomop',
  'time' => '1',
  'user-agent' => 'Mozilla/5.0 (Windows NT 10.0; Win64; x64) AppleWebKit/537.36 (KHTML, like Gecko) Chrome/60.0.3112.101 Safari/537.36',
  'is_exist' => '0',
  'content-type' => 'multipart/form-data; boundary=----WebKitFormBoundaryYANzHxgvF4IG32B6',
  'cache-control' => 'no-cache',
  'postman-token' => '899df941-fa20-b4ea-6b87-aa60bae5719b',
  'token' => '1',
  'phone' => '13739499187',
  'accept' => '*/*',
  'accept-encoding' => 'gzip, deflate',
  'accept-language' => 'zh-CN,zh;q=0.8',
  'cookie' => 'PHPSESSID=r45h6719mp22vdeo50tkvthve4',
)
[ info ] [ PARAM ] array (
  'id' => '35',
)
[ info ] [ RUN ] app\api\controller\User->upload_head_icon[ E:\project\workspace\thinkphp5\application\api\controller\User.php ]
[ info ] [ LOG ] INIT File
[ error ] [1]Call to a member function move() on a non-object[E:\project\workspace\thinkphp5\application\api\controller\Base.php:168]
---------------------------------------------------------------
[ 2017-11-02T10:58:19+08:00 ] 127.0.0.1 127.0.0.1 POST /user/icon
[ info ] api.myblog.com/user/icon [运行时间：0.042866s][吞吐率：23.33req/s] [内存消耗：1,945.34kb] [文件加载：55]
[ info ] [ LANG ] E:\project\workspace\thinkphp5\thinkphp\lang\zh-cn.php
[ info ] [ BIND ] 'api'
[ info ] [ ROUTE ] array (
  'type' => 'module',
  'module' => 
  array (
    0 => NULL,
    1 => 'User',
    2 => 'upload_head_icon',
  ),
  'convert' => false,
)
[ info ] [ HEADER ] array (
  'host' => 'api.myblog.com',
  'connection' => 'keep-alive',
  'content-length' => '191887',
  'origin' => 'chrome-extension://fhbjgbiflinjbdggehcddcbncdddomop',
  'time' => '1',
  'user-agent' => 'Mozilla/5.0 (Windows NT 10.0; Win64; x64) AppleWebKit/537.36 (KHTML, like Gecko) Chrome/60.0.3112.101 Safari/537.36',
  'is_exist' => '0',
  'content-type' => 'multipart/form-data; boundary=----WebKitFormBoundarygN3P3CTn7aKVUVhO',
  'cache-control' => 'no-cache',
  'postman-token' => 'd78fb3ee-d5f4-af57-8c9e-6ac2b3fa58c6',
  'token' => '1',
  'phone' => '13739499187',
  'accept' => '*/*',
  'accept-encoding' => 'gzip, deflate',
  'accept-language' => 'zh-CN,zh;q=0.8',
  'cookie' => 'PHPSESSID=r45h6719mp22vdeo50tkvthve4',
)
[ info ] [ PARAM ] array (
  'id' => '35',
)
[ info ] [ RUN ] app\api\controller\User->upload_head_icon[ E:\project\workspace\thinkphp5\application\api\controller\User.php ]
[ info ] [ LOG ] INIT File
[ error ] [1]Call to a member function move() on a non-object[E:\project\workspace\thinkphp5\application\api\controller\Base.php:168]
---------------------------------------------------------------
[ 2017-11-02T10:58:19+08:00 ] 127.0.0.1 127.0.0.1 POST /user/icon
[ info ] api.myblog.com/user/icon [运行时间：0.050111s][吞吐率：19.96req/s] [内存消耗：1,945.34kb] [文件加载：55]
[ info ] [ LANG ] E:\project\workspace\thinkphp5\thinkphp\lang\zh-cn.php
[ info ] [ BIND ] 'api'
[ info ] [ ROUTE ] array (
  'type' => 'module',
  'module' => 
  array (
    0 => NULL,
    1 => 'User',
    2 => 'upload_head_icon',
  ),
  'convert' => false,
)
[ info ] [ HEADER ] array (
  'host' => 'api.myblog.com',
  'connection' => 'keep-alive',
  'content-length' => '191887',
  'origin' => 'chrome-extension://fhbjgbiflinjbdggehcddcbncdddomop',
  'time' => '1',
  'user-agent' => 'Mozilla/5.0 (Windows NT 10.0; Win64; x64) AppleWebKit/537.36 (KHTML, like Gecko) Chrome/60.0.3112.101 Safari/537.36',
  'is_exist' => '0',
  'content-type' => 'multipart/form-data; boundary=----WebKitFormBoundaryUG1DpBuDrNLdtJyd',
  'cache-control' => 'no-cache',
  'postman-token' => 'abd33233-259a-19d2-dd54-d476a94c3982',
  'token' => '1',
  'phone' => '13739499187',
  'accept' => '*/*',
  'accept-encoding' => 'gzip, deflate',
  'accept-language' => 'zh-CN,zh;q=0.8',
  'cookie' => 'PHPSESSID=r45h6719mp22vdeo50tkvthve4',
)
[ info ] [ PARAM ] array (
  'id' => '35',
)
[ info ] [ RUN ] app\api\controller\User->upload_head_icon[ E:\project\workspace\thinkphp5\application\api\controller\User.php ]
[ info ] [ LOG ] INIT File
[ error ] [1]Call to a member function move() on a non-object[E:\project\workspace\thinkphp5\application\api\controller\Base.php:168]
---------------------------------------------------------------
[ 2017-11-02T10:58:19+08:00 ] 127.0.0.1 127.0.0.1 GET /index.php
[ info ] api.myblog.com/index.php [运行时间：0.134444s][吞吐率：7.44req/s] [内存消耗：1,530.70kb] [文件加载：45]
[ info ] [ LANG ] E:\project\workspace\thinkphp5\thinkphp\lang\zh-cn.php
[ info ] [ BIND ] 'api'
[ info ] [ ROUTE ] array (
  'type' => 'module',
  'module' => 
  array (
    0 => 'api',
    1 => NULL,
    2 => NULL,
  ),
)
[ info ] [ HEADER ] array (
  'host' => 'api.myblog.com',
  'accept-encoding' => 'compress,gzip',
  'connection' => 'Close',
)
[ info ] [ PARAM ] array (
)
[ info ] [ LOG ] INIT File
---------------------------------------------------------------
[ 2017-11-02T13:58:15+08:00 ] 127.0.0.1 127.0.0.1 GET /favicon.ico
[ info ] api.myblog.com/favicon.ico [运行时间：0.499746s][吞吐率：2.00req/s] [内存消耗：1,532.40kb] [文件加载：45]
[ info ] [ LANG ] E:\project\workspace\thinkphp5\thinkphp\lang\zh-cn.php
[ info ] [ BIND ] 'api'
[ info ] [ ROUTE ] array (
  'type' => 'module',
  'module' => 
  array (
    0 => 'api',
    1 => 'favicon.ico',
    2 => NULL,
  ),
)
[ info ] [ HEADER ] array (
  'host' => 'api.myblog.com',
  'connection' => 'keep-alive',
  'user-agent' => 'Mozilla/5.0 (Windows NT 10.0; WOW64) AppleWebKit/537.36 (KHTML, like Gecko) Chrome/55.0.2883.87 Safari/537.36',
  'accept-encoding' => 'gzip, deflate, sdch',
  'accept-language' => 'zh-CN,zh;q=0.8,en;q=0.6',
)
[ info ] [ PARAM ] array (
)
[ info ] [ LOG ] INIT File
